[2015.12.10-10.52.38:751][  0]Log file open, 12/10/15 19:52:38
[2015.12.10-10.52.38:751][  0]LogInit:Display: Running engine for game: MyProject2
[2015.12.10-10.52.38:751][  0]LogPlatformFile: Not using cached read wrapper
[2015.12.10-10.52.38:751][  0]LogInit:Display: RandInit(-1898004699) SRandInit(-1898004698).
[2015.12.10-10.52.38:751][  0]LogTaskGraph: Started task graph with 4 named threads and 7 total threads.
[2015.12.10-10.52.38:751][  0]LogStats: Stats thread started at 0.074581
[2015.12.10-10.52.38:751][  0]LogInit: Version: 4.10.0-2758231+++depot+UE4-Releases+4.10
[2015.12.10-10.52.38:751][  0]LogInit: API Version: 2758231
[2015.12.10-10.52.38:751][  0]LogInit: Compiled (64-bit): Nov  7 2015 05:13:45
[2015.12.10-10.52.38:751][  0]LogInit: Compiled with Visual C++: 19.00.23026.00
[2015.12.10-10.52.38:751][  0]LogInit: Build Configuration: Development
[2015.12.10-10.52.38:751][  0]LogInit: Branch Name: ++depot+UE4-Releases+4.10
[2015.12.10-10.52.38:751][  0]LogInit: Command line:  
[2015.12.10-10.52.38:751][  0]LogInit: Base directory: E:/Program Files/Epic Games/4.10/Engine/Binaries/Win64/
[2015.12.10-10.52.38:751][  0]LogInit: Rocket: 1
[2015.12.10-10.52.38:757][  0]LogInit: Using libcurl 7.41.0
[2015.12.10-10.52.38:757][  0]LogInit:  - built for x86_64-pc-win32
[2015.12.10-10.52.38:757][  0]LogInit:  - supports SSL with WinSSL
[2015.12.10-10.52.38:757][  0]LogInit:  - other features:
[2015.12.10-10.52.38:757][  0]LogInit:      CURL_VERSION_SSL
[2015.12.10-10.52.38:757][  0]LogInit:      CURL_VERSION_IPV6
[2015.12.10-10.52.38:757][  0]LogInit:      CURL_VERSION_ASYNCHDNS
[2015.12.10-10.52.38:757][  0]LogInit:      CURL_VERSION_LARGEFILE
[2015.12.10-10.52.38:757][  0]LogInit:      CURL_VERSION_IDN
[2015.12.10-10.52.38:757][  0]LogInit:  CurlRequestOptions (configurable via config and command line):
[2015.12.10-10.52.38:757][  0]LogInit:  - bVerifyPeer = true  - Libcurl will verify peer certificate
[2015.12.10-10.52.38:757][  0]LogInit:  - bUseHttpProxy = false  - Libcurl will NOT use HTTP proxy
[2015.12.10-10.52.38:757][  0]LogInit:  - bDontReuseConnections = false  - Libcurl will reuse connections
[2015.12.10-10.52.38:757][  0]LogInit:  - CertBundlePath = nullptr  - Libcurl will use whatever was configured at build time.
[2015.12.10-10.52.38:764][  0]LogInit: Presizing for 0 objects not considered by GC, pre-allocating 0 bytes.
[2015.12.10-10.52.38:771][  0]LogInit: Object subsystem initialized
[2015.12.10-10.52.38:772][  0]LogInit: Selected Device Profile: [Windows]
[2015.12.10-10.52.38:772][  0]LogInit: Applying CVar settings loaded from the selected device profile: [Windows]
[2015.12.10-10.52.38:780][  0]LogInit: Computer: FUEHU
[2015.12.10-10.52.38:780][  0]LogInit: User: rino
[2015.12.10-10.52.38:780][  0]LogInit: CPU Page size=4096, Cores=4
[2015.12.10-10.52.38:780][  0]LogInit: High frequency timer resolution =2.435780 MHz
[2015.12.10-10.52.38:780][  0]LogMemory: Memory total: Physical=7.9GB (8GB approx)
[2015.12.10-10.52.38:780][  0]LogMemory: Platform Memory Stats for Windows
[2015.12.10-10.52.38:780][  0]LogMemory: Process Physical Memory: 54.87 MB used, 54.87 MB peak
[2015.12.10-10.52.38:780][  0]LogMemory: Process Virtual Memory: 58.46 MB used, 58.46 MB peak
[2015.12.10-10.52.38:780][  0]LogMemory: Physical Memory: 3799.87 MB used, 8114.15 MB total
[2015.12.10-10.52.38:780][  0]LogMemory: Virtual Memory: 362.54 MB used, 134217728.00 MB total
[2015.12.10-10.52.38:826][  0]LogTextLocalizationManager: No specific translations for ('ja-JP') exist, so ('ja') translations will be used.
[2015.12.10-10.52.38:934][  0]LogTextLocalizationManager:Warning: Loaded localization resources contain conflicting entries for (Namespace:K2Node, Key:false):
Localization Resource: (E:/Program Files/Epic Games/4.10/Engine/Content/Localization/EditorTutorials/ja/EditorTutorials.locres) Source String Hash: (816077464) Localized String: (偽)
Localization Resource: (E:/Program Files/Epic Games/4.10/Engine/Content/Localization/Engine/ja/Engine.locres) Source String Hash: (816077464) Localized String: (false)
[2015.12.10-10.52.38:934][  0]LogTextLocalizationManager:Warning: Loaded localization resources contain conflicting entries for (Namespace:K2Node, Key:true):
Localization Resource: (E:/Program Files/Epic Games/4.10/Engine/Content/Localization/EditorTutorials/ja/EditorTutorials.locres) Source String Hash: (-942328987) Localized String: (真)
Localization Resource: (E:/Program Files/Epic Games/4.10/Engine/Content/Localization/Engine/ja/Engine.locres) Source String Hash: (-942328987) Localized String: (true)
[2015.12.10-10.52.38:934][  0]LogTextLocalizationManager:Warning: Loaded localization resources contain conflicting entries for (Namespace:UObjectToolTips, Key:AnimNode_BlendSpacePlayer:bLoop):
Localization Resource: (E:/Program Files/Epic Games/4.10/Engine/Content/Localization/EditorTutorials/ja/EditorTutorials.locres) Source String Hash: (2133979316) Localized String: (再生が最後まで終わった後、ロープ再生するようにしますか？)
Localization Resource: (E:/Program Files/Epic Games/4.10/Engine/Content/Localization/ToolTips/ja/ToolTips.locres) Source String Hash: (2133979316) Localized String: (ループが最後まで到達した時に、アニメーションのループを継続するべきか？)
[2015.12.10-10.52.38:934][  0]LogTextLocalizationManager:Warning: Loaded localization resources contain conflicting entries for (Namespace:UObjectToolTips, Key:AnimNode_BlendSpacePlayer:X):
Localization Resource: (E:/Program Files/Epic Games/4.10/Engine/Content/Localization/EditorTutorials/ja/EditorTutorials.locres) Source String Hash: (2060772590) Localized String: (ブレンドスペースで値を取得するX座標)
Localization Resource: (E:/Program Files/Epic Games/4.10/Engine/Content/Localization/ToolTips/ja/ToolTips.locres) Source String Hash: (2060772590) Localized String: (ブレンドスペースでサンプリングするX座標)
[2015.12.10-10.52.38:934][  0]LogTextLocalizationManager:Warning: Loaded localization resources contain conflicting entries for (Namespace:UObjectToolTips, Key:AnimNode_BlendSpacePlayer:Y):
Localization Resource: (E:/Program Files/Epic Games/4.10/Engine/Content/Localization/EditorTutorials/ja/EditorTutorials.locres) Source String Hash: (-1719607538) Localized String: (ブレンドスペースで値を取得するY座標)
Localization Resource: (E:/Program Files/Epic Games/4.10/Engine/Content/Localization/ToolTips/ja/ToolTips.locres) Source String Hash: (-1719607538) Localized String: (ブレンドスペースでサンプリングするY座標)
[2015.12.10-10.52.38:934][  0]LogTextLocalizationManager:Warning: Loaded localization resources contain conflicting entries for (Namespace:UObjectToolTips, Key:AnimNode_BlendSpacePlayer:Z):
Localization Resource: (E:/Program Files/Epic Games/4.10/Engine/Content/Localization/EditorTutorials/ja/EditorTutorials.locres) Source String Hash: (1728943471) Localized String: (ブレンドスペースで値を取得するZ座標)
Localization Resource: (E:/Program Files/Epic Games/4.10/Engine/Content/Localization/ToolTips/ja/ToolTips.locres) Source String Hash: (1728943471) Localized String: (ブレンドスペースでサンプリングするZ座標)
[2015.12.10-10.52.38:934][  0]LogTextLocalizationManager:Warning: Loaded localization resources contain conflicting entries for (Namespace:UObjectToolTips, Key:AnimNode_BlendSpacePlayer:BlendSpace):
Localization Resource: (E:/Program Files/Epic Games/4.10/Engine/Content/Localization/EditorTutorials/ja/EditorTutorials.locres) Source String Hash: (1599043277) Localized String: (再生するブレンドスペースのアセット)
Localization Resource: (E:/Program Files/Epic Games/4.10/Engine/Content/Localization/ToolTips/ja/ToolTips.locres) Source String Hash: (1599043277) Localized String: (再生するブレンド空間アセット)
[2015.12.10-10.52.38:934][  0]LogTextLocalizationManager:Warning: Loaded localization resources contain conflicting entries for (Namespace:UObjectToolTips, Key:AnimNode_StateMachine:MaxTransitionsPerFrame):
Localization Resource: (E:/Program Files/Epic Games/4.10/Engine/Content/Localization/EditorTutorials/ja/EditorTutorials.locres) Source String Hash: (1567650430) Localized String: (このマシーンで1フレームあたりに同時に処理できるトランジションの最大数)
Localization Resource: (E:/Program Files/Epic Games/4.10/Engine/Content/Localization/ToolTips/ja/ToolTips.locres) Source String Hash: (1567650430) Localized String: (単一フレームでマシーンが「同時」に受け取れる遷移の最大数)
[2015.12.10-10.52.38:934][  0]LogTextLocalizationManager:Warning: Loaded localization resources contain conflicting entries for (Namespace:UObjectToolTips, Key:AnimNode_BlendSpacePlayer:PlayRate):
Localization Resource: (E:/Program Files/Epic Games/4.10/Engine/Content/Localization/EditorTutorials/ja/EditorTutorials.locres) Source String Hash: (-1274923958) Localized String: (再生速度の倍率です。負の数値も使う事ができます。その場合逆再生になります。)
Localization Resource: (E:/Program Files/Epic Games/4.10/Engine/Content/Localization/ToolTips/ja/ToolTips.locres) Source String Hash: (-1274923958) Localized String: (再生レート乗数。アニメーションを逆再生する負の値にすることができます。)
[2015.12.10-10.52.39:231][  0]LogD3D11RHI: Found D3D11 adapter 0: NVIDIA GeForce GTX 860M (Feature Level 11_0)
[2015.12.10-10.52.39:231][  0]LogD3D11RHI: Adapter has 1972MB of dedicated video memory, 0MB of dedicated system memory, and 2048MB of shared system memory, 1 output[s]
[2015.12.10-10.52.39:239][  0]LogD3D11RHI: Found D3D11 adapter 1: Intel(R) HD Graphics 4600 (Feature Level 11_0)
[2015.12.10-10.52.39:239][  0]LogD3D11RHI: Adapter has 128MB of dedicated video memory, 0MB of dedicated system memory, and 1792MB of shared system memory, 0 output[s]
[2015.12.10-10.52.39:240][  0]LogD3D11RHI: Found D3D11 adapter 2: Microsoft Basic Render Driver (Feature Level 11_0)
[2015.12.10-10.52.39:240][  0]LogD3D11RHI: Adapter has 0MB of dedicated video memory, 0MB of dedicated system memory, and 256MB of shared system memory, 0 output[s]
[2015.12.10-10.52.39:240][  0]LogD3D11RHI: Chosen D3D11 Adapter Id = 0
[2015.12.10-10.52.39:246][  0]LogD3D11RHI: !Direct3DDevice
[2015.12.10-10.52.39:246][  0]LogRHI: Texture pool is 1361 MB (70% of 1945 MB)
[2015.12.10-10.52.39:259][  0]LogD3D11RHI: Async texture creation enabled
[2015.12.10-10.52.39:277][  0]LogShaderCompilers: Guid format shader working directory is 14 characters bigger than the processId version (../../../../../../UE/MyProject2/Intermediate/Shaders/WorkingDirectory/7660/).
[2015.12.10-10.52.39:278][  0]LogShaderCompilers: Cleaned the shader compiler working directory 'C:/Users/rino/AppData/Local/Temp/UnrealShaderWorkingDir/7E95809D498CEBC3A01E57B300234B2C/'.
[2015.12.10-10.52.39:278][  0]LogShaderCompilers:Display: Using Local Shader Compiler.
[2015.12.10-10.52.40:643][  0]LogTemp:Display: Loaded TP AllDesktopTargetPlatform
[2015.12.10-10.52.40:648][  0]LogTemp:Display: Loaded TP WindowsClientTargetPlatform
[2015.12.10-10.52.40:653][  0]LogTemp:Display: Loaded TP WindowsNoEditorTargetPlatform
[2015.12.10-10.52.40:658][  0]LogTemp:Display: Loaded TP WindowsServerTargetPlatform
[2015.12.10-10.52.40:662][  0]LogTemp:Display: Loaded TP WindowsTargetPlatform
[2015.12.10-10.52.40:666][  0]LogTemp:Display: Loaded TP AndroidTargetPlatform
[2015.12.10-10.52.40:669][  0]LogTemp:Display: Loaded TP Android_ASTCTargetPlatform
[2015.12.10-10.52.40:673][  0]LogTemp:Display: Loaded TP Android_ATCTargetPlatform
[2015.12.10-10.52.40:676][  0]LogTemp:Display: Loaded TP Android_DXTTargetPlatform
[2015.12.10-10.52.40:679][  0]LogTemp:Display: Loaded TP Android_ETC1TargetPlatform
[2015.12.10-10.52.40:682][  0]LogTemp:Display: Loaded TP Android_ETC2TargetPlatform
[2015.12.10-10.52.40:689][  0]LogTemp:Display: Loaded TP Android_MultiTargetPlatform
[2015.12.10-10.52.40:689][  0]LogTemp:Display: Loaded TP Android_PVRTCTargetPlatform
[2015.12.10-10.52.40:690][  0]LogTemp:Display: Loaded TP HTML5TargetPlatform
[2015.12.10-10.52.40:708][  0]LogTemp:Display: Loaded TP IOSTargetPlatform
[2015.12.10-10.52.40:711][  0]LogTemp:Display: Loaded TP LinuxNoEditorTargetPlatform
[2015.12.10-10.52.40:714][  0]LogTemp:Display: Loaded TP LinuxServerTargetPlatform
[2015.12.10-10.52.40:718][  0]LogTemp:Display: Loaded TP LinuxTargetPlatform
[2015.12.10-10.52.40:718][  0]LogTargetPlatformManager:Display: Building Assets For Windows
[2015.12.10-10.52.40:793][  0]LogDerivedDataCache:Display: Max Cache Size: 512 MB
[2015.12.10-10.52.40:958][  0]LogDerivedDataCache: Loaded boot cache 0.17s 41MB C:/Users/rino/AppData/Local/UnrealEngine/4.10/DerivedDataCache/Boot.ddc.
[2015.12.10-10.52.40:958][  0]LogDerivedDataCache:Display: Loaded Boot cache: C:/Users/rino/AppData/Local/UnrealEngine/4.10/DerivedDataCache/Boot.ddc
[2015.12.10-10.52.40:959][  0]LogDerivedDataCache: FDerivedDataBackendGraph:  Pak pak cache file ../../../../../../UE/MyProject2/DerivedDataCache/DDC.ddp not found, will not use a pak cache.
[2015.12.10-10.52.40:959][  0]LogDerivedDataCache: Unable to find inner node Pak for hierarchical cache Hierarchy.
[2015.12.10-10.52.40:959][  0]LogDerivedDataCache: FDerivedDataBackendGraph:  CompressedPak pak cache file ../../../../../../UE/MyProject2/DerivedDataCache/Compressed.ddp not found, will not use a pak cache.
[2015.12.10-10.52.40:959][  0]LogDerivedDataCache: Unable to find inner node CompressedPak for hierarchical cache Hierarchy.
[2015.12.10-10.52.41:028][  0]LogDerivedDataCache:Display: Pak cache opened for reading ../../../Engine/DerivedDataCache/Compressed.ddp.
[2015.12.10-10.52.41:040][  0]LogDerivedDataCache: Using Local data cache path C:/Users/rino/AppData/Local/UnrealEngine/Common/DerivedDataCache: Writable
[2015.12.10-10.52.43:509][  0]LogInit: Selected Device Profile: [Windows]
[2015.12.10-10.52.43:512][  0]LogContentStreaming: Texture pool size is 0.000000MB
[2015.12.10-10.52.43:618][  0]LogMeshUtilities: No automatic mesh reduction module available
[2015.12.10-10.52.43:618][  0]LogMeshUtilities: No automatic mesh merging module available
[2015.12.10-10.52.44:102][  0]LogInit: WinSock: version 1.1 (2.2), MaxSocks=32767, MaxUdp=65467
[2015.12.10-10.52.51:984][  0]UdpMessaging: Initializing bridge on interface 0.0.0.0:0 to multicast group 230.0.0.1:6666.
[2015.12.10-10.52.52:373][  0]LogAssetRegistry: FAssetRegistry took 0.0113 seconds to start up
[2015.12.10-10.52.52:558][  0]SourceControl: 情報 ソースコントロールは無効です
[2015.12.10-10.52.52:559][  0]SourceControl: 情報 ソースコントロールは無効です
[2015.12.10-10.52.52:566][  0]SourceControl: 情報 ソースコントロールは無効です
[2015.12.10-10.52.52:573][  0]SourceControl: 情報 ソースコントロールは無効です
[2015.12.10-10.52.53:787][  0]LogObj: 28633 objects as part of root set at end of initial load.
[2015.12.10-10.52.53:787][  0]LogUObjectAllocator: 6099744 out of 0 bytes used by permanent object pool.
[2015.12.10-10.52.53:904][  0]LogEngine: Initializing Engine...
[2015.12.10-10.52.53:905][  0]LogHMD: Can't find Oculus library dev build: is proper Runtime installed? Version: 0.8.0.0
[2015.12.10-10.52.53:907][  0]LogHMD: SteamVR failed to initialize.  Err: 110
[2015.12.10-10.52.54:084][  0]LogAIModule: Creating AISystem for world NewWorld
[2015.12.10-10.52.54:089][  0]LogInit: XAudio2 using 'スピーカー (Realtek High Definition Audio)' : 2 channels at 48 kHz using 32 bits per sample (channel mask 0x3)
[2015.12.10-10.52.54:099][  0]LogInit: FAudioDevice initialized.
[2015.12.10-10.52.54:127][  0]LogDerivedDataCache: Saved boot cache 0.03s 41MB C:/Users/rino/AppData/Local/UnrealEngine/4.10/DerivedDataCache/Boot.ddc.
[2015.12.10-10.52.54:132][  0]LogInit: Texture streaming: Enabled
[2015.12.10-10.52.54:136][  0]LogAnalytics: Creating configured Analytics provider AnalyticsET
[2015.12.10-10.52.54:136][  0]LogAnalytics: [UEEditor.Rocket.Release] APIServer = http://et2.epicgames.com/ET2/. AppVersion = 4.10.0-2758231+++depot+UE4-Releases+4.10
[2015.12.10-10.52.54:136][  0]LogAnalytics: [UEEditor.Rocket.Release] SetUserId 89b6ad0b460ad03daf6a0eb5c1f5f9a9|9de67c3eaaec4e3e9ce5eb707c0fff0b|6b7a0407-2e35-48f4-81a0-7979b4099f37
[2015.12.10-10.52.54:136][  0]LogAnalytics: [UEEditor.Rocket.Release] AnalyticsET::StartSession
[2015.12.10-10.52.54:172][  0]LogInit: Transaction tracking system initialized
[2015.12.10-10.52.54:196][  0]BlueprintLog: New page: エディタの読み込み
[2015.12.10-10.52.54:293][  0]LocalizationService: 情報 ローカライズのサービスが無効になりました
[2015.12.10-10.52.54:423][  0]LogConsoleResponse:Display: 
[2015.12.10-10.52.56:205][  0]LogCook:Display: Done creating registry. It took  0.00s.
[2015.12.10-10.52.56:506][  0]LogFileCache: Scanning file cache for directory 'E:/UE/MyProject2/Content/' took 0.01s
[2015.12.10-10.52.56:545][  0]SourceControl: 情報 ソースコントロールは無効です
[2015.12.10-10.52.56:546][  0]Cmd: MAP LOAD FILE="../../../../../../UE/MyProject2/Content/ThirdPersonBP/Maps/ThirdPersonExampleMap.umap" TEMPLATE=0 SHOWPROGRESS=1 FEATURELEVEL=3
[2015.12.10-10.52.56:546][  0]LightingResults: New page: ライティングのビルド
[2015.12.10-10.52.56:548][  0]MapCheck: New page: マップをチェック
[2015.12.10-10.52.56:548][  0]LightingResults: New page: <何も選択されていません>
[2015.12.10-10.52.56:564][  0]LogParticles: Destroying 0 GPU particle simulations for FXSystem 0x000000EFE356B240
[2015.12.10-10.52.59:387][  0]LogAIModule: Creating AISystem for world ThirdPersonExampleMap
[2015.12.10-10.52.59:416][  0]LogEditorServer: Finished looking for orphan Actors (0.000 secs)
[2015.12.10-10.52.59:465][  0]Cmd: MAP CHECKDEP NOCLEARLOG
[2015.12.10-10.52.59:511][  0]MapCheck: 情報 マップチェックが完了: 0 エラー、 0 警告、完了に 46.016ミリ秒かかりました。
[2015.12.10-10.52.59:511][  0]LogFileHelpers: Loading map 'ThirdPersonExampleMap' took 2.966
[2015.12.10-10.52.59:658][  0]LogCollectionManager: Loaded 0 collections in 0.001335 seconds
[2015.12.10-10.52.59:697][  0]LogFileCache: Scanning file cache for directory 'E:/UE/MyProject2/Saved/Collections/' took 0.01s
[2015.12.10-10.52.59:697][  0]LogFileCache: Scanning file cache for directory 'E:/UE/MyProject2/Content/Developers/rino/Collections/' took 0.01s
[2015.12.10-10.52.59:697][  0]LogFileCache: Scanning file cache for directory 'E:/UE/MyProject2/Content/Collections/' took 0.01s
[2015.12.10-10.52.59:697][  0]LogCollectionManager: Rebuilt the GUID cache for 0 collections in 0.000002 seconds
[2015.12.10-10.52.59:705][  0]LogContentBrowser: Native class hierarchy populated in 0.0078 seconds. Added 1893 classes and 338 folders.
[2015.12.10-10.52.59:710][  0]LogContentBrowser: Native class hierarchy updated for 'WidgetCarousel' in 0.0003 seconds. Added 0 classes and 0 folders.
[2015.12.10-10.53.01:255][  0]LogContentBrowser: Native class hierarchy updated for 'AddContentDialog' in 0.0004 seconds. Added 0 classes and 0 folders.
[2015.12.10-10.53.01:259][  0]LogContentBrowser: Native class hierarchy updated for 'SceneOutliner' in 0.0004 seconds. Added 1 classes and 2 folders.
[2015.12.10-10.53.01:384][  0]LogCrashTracker: Crashtracker disabled due to settings.
[2015.12.10-10.53.01:390][  0]LogUObjectGlobals:Warning: オブジェクト 'Class なし.' が見つかりませんでした
[2015.12.10-10.53.01:413][  0]LogLoad: Full Startup: 23.18 seconds (BP compile: 0.19 seconds)
[2015.12.10-10.53.01:755][  0]LogOcInput: Can't find Oculus library dev build: is proper Runtime installed? Version: 0.8.0.0
[2015.12.10-10.53.01:824][  0]LogContentStreaming: Texture pool size now 1000 MB
[2015.12.10-10.53.02:102][  0]LogRenderer: Reallocating scene render targets to support 824x432 (Frame:2).
[2015.12.10-10.53.03:976][  6]LogAssetRegistry: Asset discovery search completed in 11.6138 seconds
[2015.12.10-10.53.03:976][  6]LogCollectionManager: Rebuilt the object cache for 0 collections in 0.000000 seconds (found 0 objects)
[2015.12.10-10.53.03:976][  6]LogCollectionManager: Fixed up redirectors for 0 collections in 0.000032 seconds (updated 0 objects)
[2015.12.10-10.57.52:542][471]LogBlueprintUserMessages: Early PlayInEditor Detection: Level '/Game/ThirdPersonBP/Maps/ThirdPersonExampleMap.ThirdPersonExampleMap:PersistentLevel' has LevelScriptBlueprint '/Game/ThirdPersonBP/Maps/ThirdPersonExampleMap.ThirdPersonExampleMap:PersistentLevel.ThirdPersonExampleMap' with GeneratedClass '/Game/ThirdPersonBP/Maps/ThirdPersonExampleMap.ThirdPersonExampleMap_C' with ClassGeneratedBy '/Game/ThirdPersonBP/Maps/ThirdPersonExampleMap.ThirdPersonExampleMap:PersistentLevel.ThirdPersonExampleMap'
[2015.12.10-10.57.52:543][471]LogPlayLevel: PlayLevel: No blueprints needed recompiling
[2015.12.10-10.57.52:605][471]PIE: New page: PIEセッション: ThirdPersonExampleMap (2015/12/11 4:57:52)
[2015.12.10-10.57.52:605][471]LogPlayLevel: Creating play world package: /Game/ThirdPersonBP/Maps/UEDPIE_0_ThirdPersonExampleMap
[2015.12.10-10.57.52:651][471]LogPlayLevel: PIE: StaticDuplicateObject took: (0.045898s)
[2015.12.10-10.57.52:653][471]LogAIModule: Creating AISystem for world ThirdPersonExampleMap
[2015.12.10-10.57.52:653][471]LogPlayLevel: PIE: World Init took: (0.001981s)
[2015.12.10-10.57.52:654][471]LogPlayLevel: PIE: Created PIE world by copying editor world from /Game/ThirdPersonBP/Maps/ThirdPersonExampleMap.ThirdPersonExampleMap to /Game/ThirdPersonBP/Maps/UEDPIE_0_ThirdPersonExampleMap.ThirdPersonExampleMap (0.048668s)
[2015.12.10-10.57.52:654][471]LogActorComponent: UnregisterComponent: (/Engine/Transient.CharMoveComp) Not registered. Aborting.
[2015.12.10-10.57.52:655][471]LogActorComponent: UnregisterComponent: (/Engine/Transient.CharacterMovementComponent_0) Not registered. Aborting.
[2015.12.10-10.57.52:707][471]LogInit: XAudio2 using 'スピーカー (Realtek High Definition Audio)' : 2 channels at 48 kHz using 32 bits per sample (channel mask 0x3)
[2015.12.10-10.57.52:721][471]LogInit: FAudioDevice initialized.
[2015.12.10-10.57.52:796][471]LogWorld: Game class is 'demo_C'
[2015.12.10-10.57.52:806][471]LogWorld: Bringing World /Game/ThirdPersonBP/Maps/UEDPIE_0_ThirdPersonExampleMap.ThirdPersonExampleMap up for play (max tick rate 0) at 2015.12.10-19.57.52
[2015.12.10-10.57.52:806][471]LogActor:Warning: GameSession /Game/ThirdPersonBP/Maps/UEDPIE_0_ThirdPersonExampleMap.ThirdPersonExampleMap:PersistentLevel.GameSession_0 has natively added scene component(s), but none of them were set as the actor's RootComponent - picking one arbitrarily
[2015.12.10-10.57.52:806][471]LogActor:Warning: GameNetworkManager /Game/ThirdPersonBP/Maps/UEDPIE_0_ThirdPersonExampleMap.ThirdPersonExampleMap:PersistentLevel.GameNetworkManager_0 has natively added scene component(s), but none of them were set as the actor's RootComponent - picking one arbitrarily
[2015.12.10-10.57.52:808][471]LogWorld: Bringing up level for play took: 0.009331
[2015.12.10-10.57.52:839][471]LogBlueprintUserMessages: [hello_C_0] Hello
[2015.12.10-10.57.52:876][471]PIE: 情報 /Game/ThirdPersonBP/Maps/UEDPIE_0_ThirdPersonExampleMap 0.263のプレイ イン エディタの開始時間
[2015.12.10-10.57.52:876][471]LogBlueprintUserMessages: Late PlayInEditor Detection: Level '/Game/ThirdPersonBP/Maps/ThirdPersonExampleMap.ThirdPersonExampleMap:PersistentLevel' has LevelScriptBlueprint '/Game/ThirdPersonBP/Maps/ThirdPersonExampleMap.ThirdPersonExampleMap:PersistentLevel.ThirdPersonExampleMap' with GeneratedClass '/Game/ThirdPersonBP/Maps/ThirdPersonExampleMap.ThirdPersonExampleMap_C' with ClassGeneratedBy '/Game/ThirdPersonBP/Maps/ThirdPersonExampleMap.ThirdPersonExampleMap:PersistentLevel.ThirdPersonExampleMap'
[2015.12.10-10.57.52:956][472]LogRenderer: Reallocating scene render targets to support 1280x720 (Frame:634).
[2015.12.10-10.57.58:795][649]LogBlueprintUserMessages: Early EndPlayMap Detection: Level '/Game/ThirdPersonBP/Maps/ThirdPersonExampleMap.ThirdPersonExampleMap:PersistentLevel' has LevelScriptBlueprint '/Game/ThirdPersonBP/Maps/ThirdPersonExampleMap.ThirdPersonExampleMap:PersistentLevel.ThirdPersonExampleMap' with GeneratedClass '/Game/ThirdPersonBP/Maps/ThirdPersonExampleMap.ThirdPersonExampleMap_C' with ClassGeneratedBy '/Game/ThirdPersonBP/Maps/ThirdPersonExampleMap.ThirdPersonExampleMap:PersistentLevel.ThirdPersonExampleMap'
[2015.12.10-10.57.58:884][649]LogBlueprintUserMessages: Late EndPlayMap Detection: Level '/Game/ThirdPersonBP/Maps/ThirdPersonExampleMap.ThirdPersonExampleMap:PersistentLevel' has LevelScriptBlueprint '/Game/ThirdPersonBP/Maps/ThirdPersonExampleMap.ThirdPersonExampleMap:PersistentLevel.ThirdPersonExampleMap' with GeneratedClass '/Game/ThirdPersonBP/Maps/ThirdPersonExampleMap.ThirdPersonExampleMap_C' with ClassGeneratedBy '/Game/ThirdPersonBP/Maps/ThirdPersonExampleMap.ThirdPersonExampleMap:PersistentLevel.ThirdPersonExampleMap'
[2015.12.10-10.57.58:927][649]LogParticles: Destroying 0 GPU particle simulations for FXSystem 0x000000EFC6EFD080
[2015.12.10-11.07.03:180][297]LogBlueprintUserMessages: Early PlayInEditor Detection: Level '/Game/ThirdPersonBP/Maps/ThirdPersonExampleMap.ThirdPersonExampleMap:PersistentLevel' has LevelScriptBlueprint '/Game/ThirdPersonBP/Maps/ThirdPersonExampleMap.ThirdPersonExampleMap:PersistentLevel.ThirdPersonExampleMap' with GeneratedClass '/Game/ThirdPersonBP/Maps/ThirdPersonExampleMap.ThirdPersonExampleMap_C' with ClassGeneratedBy '/Game/ThirdPersonBP/Maps/ThirdPersonExampleMap.ThirdPersonExampleMap:PersistentLevel.ThirdPersonExampleMap'
[2015.12.10-11.07.03:181][297]LogPlayLevel: PlayLevel: No blueprints needed recompiling
[2015.12.10-11.07.03:181][297]PIE: New page: PIEセッション: ThirdPersonExampleMap (2015/12/11 5:07:03)
[2015.12.10-11.07.03:181][297]LogPlayLevel: Creating play world package: /Game/ThirdPersonBP/Maps/UEDPIE_0_ThirdPersonExampleMap
[2015.12.10-11.07.03:240][297]LogPlayLevel: PIE: StaticDuplicateObject took: (0.058975s)
[2015.12.10-11.07.03:265][297]LogAIModule: Creating AISystem for world ThirdPersonExampleMap
[2015.12.10-11.07.03:266][297]LogPlayLevel: PIE: World Init took: (0.025570s)
[2015.12.10-11.07.03:266][297]LogPlayLevel: PIE: Created PIE world by copying editor world from /Game/ThirdPersonBP/Maps/ThirdPersonExampleMap.ThirdPersonExampleMap to /Game/ThirdPersonBP/Maps/UEDPIE_0_ThirdPersonExampleMap.ThirdPersonExampleMap (0.085170s)
[2015.12.10-11.07.03:267][297]LogActorComponent: UnregisterComponent: (/Engine/Transient.CharMoveComp) Not registered. Aborting.
[2015.12.10-11.07.03:267][297]LogActorComponent: UnregisterComponent: (/Engine/Transient.CharacterMovementComponent_1) Not registered. Aborting.
[2015.12.10-11.07.03:324][297]LogInit: XAudio2 using 'MSD-601 (インテル(R) ディスプレイ用オーディオ)' : 2 channels at 48 kHz using 16 bits per sample (channel mask 0x3)
[2015.12.10-11.07.03:340][297]LogInit: FAudioDevice initialized.
[2015.12.10-11.07.03:417][297]LogWorld: Game class is 'demo_C'
[2015.12.10-11.07.03:428][297]LogWorld: Bringing World /Game/ThirdPersonBP/Maps/UEDPIE_0_ThirdPersonExampleMap.ThirdPersonExampleMap up for play (max tick rate 0) at 2015.12.10-20.07.03
[2015.12.10-11.07.03:429][297]LogActor:Warning: GameSession /Game/ThirdPersonBP/Maps/UEDPIE_0_ThirdPersonExampleMap.ThirdPersonExampleMap:PersistentLevel.GameSession_1 has natively added scene component(s), but none of them were set as the actor's RootComponent - picking one arbitrarily
[2015.12.10-11.07.03:429][297]LogActor:Warning: GameNetworkManager /Game/ThirdPersonBP/Maps/UEDPIE_0_ThirdPersonExampleMap.ThirdPersonExampleMap:PersistentLevel.GameNetworkManager_1 has natively added scene component(s), but none of them were set as the actor's RootComponent - picking one arbitrarily
[2015.12.10-11.07.03:431][297]LogWorld: Bringing up level for play took: 0.011371
[2015.12.10-11.07.03:437][297]LogBlueprintUserMessages: [hello_C_0] Hello
[2015.12.10-11.07.03:491][297]PIE: 情報 /Game/ThirdPersonBP/Maps/UEDPIE_0_ThirdPersonExampleMap 0.878のプレイ イン エディタの開始時間
[2015.12.10-11.07.03:491][297]LogBlueprintUserMessages: Late PlayInEditor Detection: Level '/Game/ThirdPersonBP/Maps/ThirdPersonExampleMap.ThirdPersonExampleMap:PersistentLevel' has LevelScriptBlueprint '/Game/ThirdPersonBP/Maps/ThirdPersonExampleMap.ThirdPersonExampleMap:PersistentLevel.ThirdPersonExampleMap' with GeneratedClass '/Game/ThirdPersonBP/Maps/ThirdPersonExampleMap.ThirdPersonExampleMap_C' with ClassGeneratedBy '/Game/ThirdPersonBP/Maps/ThirdPersonExampleMap.ThirdPersonExampleMap:PersistentLevel.ThirdPersonExampleMap'
[2015.12.10-11.07.36:218][247]LogBlueprintUserMessages: Early EndPlayMap Detection: Level '/Game/ThirdPersonBP/Maps/ThirdPersonExampleMap.ThirdPersonExampleMap:PersistentLevel' has LevelScriptBlueprint '/Game/ThirdPersonBP/Maps/ThirdPersonExampleMap.ThirdPersonExampleMap:PersistentLevel.ThirdPersonExampleMap' with GeneratedClass '/Game/ThirdPersonBP/Maps/ThirdPersonExampleMap.ThirdPersonExampleMap_C' with ClassGeneratedBy '/Game/ThirdPersonBP/Maps/ThirdPersonExampleMap.ThirdPersonExampleMap:PersistentLevel.ThirdPersonExampleMap'
[2015.12.10-11.07.36:301][247]LogBlueprintUserMessages: Late EndPlayMap Detection: Level '/Game/ThirdPersonBP/Maps/ThirdPersonExampleMap.ThirdPersonExampleMap:PersistentLevel' has LevelScriptBlueprint '/Game/ThirdPersonBP/Maps/ThirdPersonExampleMap.ThirdPersonExampleMap:PersistentLevel.ThirdPersonExampleMap' with GeneratedClass '/Game/ThirdPersonBP/Maps/ThirdPersonExampleMap.ThirdPersonExampleMap_C' with ClassGeneratedBy '/Game/ThirdPersonBP/Maps/ThirdPersonExampleMap.ThirdPersonExampleMap:PersistentLevel.ThirdPersonExampleMap'
[2015.12.10-11.07.36:349][247]LogParticles: Destroying 0 GPU particle simulations for FXSystem 0x000000EFE56A62A0
[2015.12.10-11.11.40:754][ 59]LogActorComponent: UnregisterComponent: (/Engine/Transient.CharMoveComp) Not registered. Aborting.
[2015.12.10-11.11.42:600][ 59]LogWindowsTextInputMethodSystem:Display: IME system now activated using TSF (Microsoft IME).
[2015.12.10-11.11.42:898][ 60]Cmd: QUIT_EDITOR
[2015.12.10-11.11.43:548][ 60]LogExit: Preparing to exit.
[2015.12.10-11.11.44:208][ 60]LogExit: Editor shut down
[2015.12.10-11.11.44:209][ 60]LogExit: Transaction tracking system shut down
[2015.12.10-11.11.44:212][ 60]LogParticles: Destroying 0 GPU particle simulations for FXSystem 0x000000EFE4F87100
[2015.12.10-11.11.44:212][ 60]LogParticles: Destroying 0 GPU particle simulations for FXSystem 0x000000EFE7A77880
[2015.12.10-11.11.45:709][ 60]LogParticles: Destroying 0 GPU particle simulations for FXSystem 0x000000EFE8528220
[2015.12.10-11.11.45:709][ 60]LogExit: Object subsystem successfully closed.
[2015.12.10-11.11.45:789][ 60]LogD3D11RHI: Shutdown
[2015.12.10-11.11.45:790][ 60]LogD3D11RHI: CleanupD3DDevice
[2015.12.10-11.11.45:951][ 60]LogD3D11RHI: ~FD3D11DynamicRHI
[2015.12.10-11.11.46:671][ 60]LogModuleManager: Shutting down and abandoning module CrashTracker (198)
[2015.12.10-11.11.46:671][ 60]LogModuleManager: Shutting down and abandoning module SceneOutliner (197)
[2015.12.10-11.11.46:671][ 60]LogModuleManager: Shutting down and abandoning module SuperSearch (196)
[2015.12.10-11.11.46:671][ 60]LogModuleManager: Shutting down and abandoning module WidgetCarousel (195)
[2015.12.10-11.11.46:688][ 60]LogModuleManager: Shutting down and abandoning module AddContentDialog (194)
[2015.12.10-11.11.46:718][ 60]LogModuleManager: Shutting down and abandoning module EditorWidgets (193)
[2015.12.10-11.11.46:718][ 60]LogModuleManager: Shutting down and abandoning module CollectionManager (192)
[2015.12.10-11.11.46:744][ 60]LogModuleManager: Shutting down and abandoning module StatsViewer (191)
[2015.12.10-11.11.46:753][ 60]LogModuleManager: Shutting down and abandoning module FoliageEdit (190)
[2015.12.10-11.11.46:759][ 60]LogModuleManager: Shutting down and abandoning module LandscapeEditor (189)
[2015.12.10-11.11.46:790][ 60]LogModuleManager: Shutting down and abandoning module ActorPickerMode (188)
[2015.12.10-11.11.46:790][ 60]LogModuleManager: Shutting down and abandoning module GeometryMode (187)
[2015.12.10-11.11.46:790][ 60]LogModuleManager: Shutting down and abandoning module TextureAlignMode (186)
[2015.12.10-11.11.46:790][ 60]LogModuleManager: Shutting down and abandoning module BspMode (185)
[2015.12.10-11.11.46:791][ 60]LogModuleManager: Shutting down and abandoning module PlacementMode (184)
[2015.12.10-11.11.46:791][ 60]LogModuleManager: Shutting down and abandoning module AutomationWorker (183)
[2015.12.10-11.11.46:791][ 60]LogModuleManager: Shutting down and abandoning module CharacterAI (182)
[2015.12.10-11.11.46:791][ 60]LogModuleManager: Shutting down and abandoning module SmartSnapping (181)
[2015.12.10-11.11.46:791][ 60]LogModuleManager: Shutting down and abandoning module ViewportSnapping (180)
[2015.12.10-11.11.46:791][ 60]LogModuleManager: Shutting down and abandoning module LogVisualizer (179)
[2015.12.10-11.11.46:820][ 60]LogModuleManager: Shutting down and abandoning module GameProjectGeneration (178)
[2015.12.10-11.11.46:861][ 60]LogModuleManager: Shutting down and abandoning module IntroTutorials (177)
[2015.12.10-11.11.46:892][ 60]LogModuleManager: Shutting down and abandoning module EditorLiveStreaming (176)
[2015.12.10-11.11.46:892][ 60]LogModuleManager: Shutting down and abandoning module IOSPlatformEditor (175)
[2015.12.10-11.11.46:897][ 60]LogModuleManager: Shutting down and abandoning module HTML5PlatformEditor (174)
[2015.12.10-11.11.46:897][ 60]LogModuleManager: Shutting down and abandoning module AndroidDeviceDetection (173)
[2015.12.10-11.11.47:140][ 60]LogModuleManager: Shutting down and abandoning module AndroidPlatformEditor (172)
[2015.12.10-11.11.47:140][ 60]LogModuleManager: Shutting down and abandoning module IOSRuntimeSettings (171)
[2015.12.10-11.11.47:140][ 60]LogModuleManager: Shutting down and abandoning module AndroidRuntimeSettings (170)
[2015.12.10-11.11.47:140][ 60]LogModuleManager: Shutting down and abandoning module MergeActors (169)
[2015.12.10-11.11.47:159][ 60]LogModuleManager: Shutting down and abandoning module SizeMap (168)
[2015.12.10-11.11.47:159][ 60]LogModuleManager: Shutting down and abandoning module TreeMap (167)
[2015.12.10-11.11.47:194][ 60]LogModuleManager: Shutting down and abandoning module ReferenceViewer (166)
[2015.12.10-11.11.47:222][ 60]LogModuleManager: Shutting down and abandoning module LocalizationService (165)
[2015.12.10-11.11.47:235][ 60]LogModuleManager: Shutting down and abandoning module LocalizationDashboard (164)
[2015.12.10-11.11.47:255][ 60]LogModuleManager: Shutting down and abandoning module HardwareTargeting (163)
[2015.12.10-11.11.47:255][ 60]LogModuleManager: Shutting down and abandoning module DeviceProfileEditor (162)
[2015.12.10-11.11.47:266][ 60]LogModuleManager: Shutting down and abandoning module UndoHistory (161)
[2015.12.10-11.11.47:277][ 60]LogModuleManager: Shutting down and abandoning module GameplayTagsEditor (160)
[2015.12.10-11.11.47:288][ 60]LogModuleManager: Shutting down and abandoning module UserFeedback (159)
[2015.12.10-11.11.47:288][ 60]LogModuleManager: Shutting down and abandoning module XmlParser (158)
[2015.12.10-11.11.47:305][ 60]LogModuleManager: Shutting down and abandoning module Blutility (157)
[2015.12.10-11.11.47:305][ 60]LogModuleManager: Shutting down and abandoning module ProjectTargetPlatformEditor (156)
[2015.12.10-11.11.47:313][ 60]LogModuleManager: Shutting down and abandoning module ProjectSettingsViewer (155)
[2015.12.10-11.11.47:313][ 60]LogModuleManager: Shutting down and abandoning module InputBindingEditor (154)
[2015.12.10-11.11.47:345][ 60]LogModuleManager: Shutting down and abandoning module EditorSettingsViewer (153)
[2015.12.10-11.11.47:345][ 60]LogModuleManager: Shutting down and abandoning module SettingsEditor (152)
[2015.12.10-11.11.47:355][ 60]LogModuleManager: Shutting down and abandoning module ProjectLauncher (151)
[2015.12.10-11.11.47:385][ 60]LogModuleManager: Shutting down and abandoning module SessionFrontend (150)
[2015.12.10-11.11.47:401][ 60]LogModuleManager: Shutting down and abandoning module ProfilerClient (149)
[2015.12.10-11.11.47:437][ 60]LogModuleManager: Shutting down and abandoning module TargetDeviceServices (148)
[2015.12.10-11.11.47:437][ 60]LogModuleManager: Shutting down and abandoning module DeviceManager (147)
[2015.12.10-11.11.47:450][ 60]LogModuleManager: Shutting down and abandoning module AutomationController (146)
[2015.12.10-11.11.47:468][ 60]LogModuleManager: Shutting down and abandoning module AutomationWindow (145)
[2015.12.10-11.11.47:486][ 60]LogModuleManager: Shutting down and abandoning module Layers (144)
[2015.12.10-11.11.47:557][ 60]LogModuleManager: Shutting down and abandoning module ComponentVisualizers (143)
[2015.12.10-11.11.47:557][ 60]LogModuleManager: Shutting down and abandoning module DetailCustomizations (142)
[2015.12.10-11.11.47:557][ 60]LogModuleManager: Shutting down and abandoning module PackagesDialog (141)
[2015.12.10-11.11.47:557][ 60]LogModuleManager: Shutting down and abandoning module Persona (140)
[2015.12.10-11.11.47:603][ 60]LogModuleManager: Shutting down and abandoning module Kismet (139)
[2015.12.10-11.11.47:603][ 60]LogModuleManager: Shutting down and abandoning module GraphEditor (138)
[2015.12.10-11.11.47:603][ 60]LogModuleManager: Shutting down and abandoning module ClassViewer (137)
[2015.12.10-11.11.47:603][ 60]LogModuleManager: Shutting down and abandoning module Toolbox (136)
[2015.12.10-11.11.47:603][ 60]LogModuleManager: Shutting down and abandoning module ModuleUI (135)
[2015.12.10-11.11.47:633][ 60]LogModuleManager: Shutting down and abandoning module MovieSceneTools (134)
[2015.12.10-11.11.47:651][ 60]LogModuleManager: Shutting down and abandoning module OutputLog (133)
[2015.12.10-11.11.47:651][ 60]LogModuleManager: Shutting down and abandoning module GammaUI (132)
[2015.12.10-11.11.47:660][ 60]LogModuleManager: Shutting down and abandoning module Documentation (131)
[2015.12.10-11.11.47:660][ 60]LogModuleManager: Shutting down and abandoning module GameLiveStreaming (130)
[2015.12.10-11.11.47:669][ 60]LogModuleManager: Shutting down and abandoning module StreamingPauseRendering (129)
[2015.12.10-11.11.47:669][ 60]LogModuleManager: Shutting down and abandoning module AnalyticsET (128)
[2015.12.10-11.11.47:669][ 60]LogModuleManager: Shutting down and abandoning module Analytics (127)
[2015.12.10-11.11.47:669][ 60]LogModuleManager: Shutting down and abandoning module AITestSuite (126)
[2015.12.10-11.11.47:690][ 60]LogModuleManager: Shutting down and abandoning module GameplayDebugger (125)
[2015.12.10-11.11.47:698][ 60]LogModuleManager: Shutting down and abandoning module AIModule (124)
[2015.12.10-11.11.47:698][ 60]LogModuleManager: Shutting down and abandoning module ProfilerService (123)
[2015.12.10-11.11.47:931][ 60]LogModuleManager: Shutting down and abandoning module TaskGraph (122)
[2015.12.10-11.11.48:009][ 60]LogModuleManager: Shutting down and abandoning module SlateRemote (121)
[2015.12.10-11.11.48:009][ 60]LogModuleManager: Shutting down and abandoning module SteamVRController (120)
[2015.12.10-11.11.48:009][ 60]LogModuleManager: Shutting down and abandoning module SteamVR (119)
[2015.12.10-11.11.48:009][ 60]LogModuleManager: Shutting down and abandoning module ProceduralMeshComponent (118)
[2015.12.10-11.11.48:009][ 60]LogModuleManager: Shutting down and abandoning module OculusLibrary (117)
[2015.12.10-11.11.48:009][ 60]LogModuleManager: Shutting down and abandoning module OculusInput (116)
[2015.12.10-11.11.48:009][ 60]LogModuleManager: Shutting down and abandoning module LeapMotionController (115)
[2015.12.10-11.11.48:121][ 60]LogModuleManager: Shutting down and abandoning module CustomMeshComponent (114)
[2015.12.10-11.11.48:121][ 60]LogModuleManager: Shutting down and abandoning module CableComponent (113)
[2015.12.10-11.11.48:134][ 60]LogModuleManager: Shutting down and abandoning module ArchVisCharacter (112)
[2015.12.10-11.11.48:134][ 60]LogModuleManager: Shutting down and abandoning module MessagingDebugger (111)
[2015.12.10-11.11.48:180][ 60]LogModuleManager: Shutting down and abandoning module MediaPlayerEditor (110)
[2015.12.10-11.11.48:207][ 60]LogModuleManager: Shutting down and abandoning module HTML5Networking (109)
[2015.12.10-11.11.48:207][ 60]LogModuleManager: Shutting down and abandoning module SpeedTreeImporter (108)
[2015.12.10-11.11.48:207][ 60]LogModuleManager: Shutting down and abandoning module PluginBrowser (107)
[2015.12.10-11.11.48:231][ 60]LogModuleManager: Shutting down and abandoning module EpicSurvey (106)
[2015.12.10-11.11.48:247][ 60]LogModuleManager: Shutting down and abandoning module DesktopPlatform (105)
[2015.12.10-11.11.48:274][ 60]LogModuleManager: Shutting down and abandoning module VisualStudioSourceCodeAccess (104)
[2015.12.10-11.11.48:274][ 60]LogModuleManager: Shutting down and abandoning module UObjectPlugin (103)
[2015.12.10-11.11.48:274][ 60]LogModuleManager: Shutting down and abandoning module SubversionSourceControl (102)
[2015.12.10-11.11.48:298][ 60]LogModuleManager: Shutting down and abandoning module PerforceSourceControl (101)
[2015.12.10-11.11.48:320][ 60]LogModuleManager: Shutting down and abandoning module SourceControl (100)
[2015.12.10-11.11.48:346][ 60]LogModuleManager: Shutting down and abandoning module GitSourceControl (99)
[2015.12.10-11.11.48:354][ 60]LogModuleManager: Shutting down and abandoning module LightPropagationVolumeEditor (98)
[2015.12.10-11.11.48:354][ 60]LogModuleManager: Shutting down and abandoning module PaperTiledImporter (97)
[2015.12.10-11.11.48:363][ 60]LogModuleManager: Shutting down and abandoning module PaperSpriteSheetImporter (96)
[2015.12.10-11.11.48:363][ 60]LogModuleManager: Shutting down and abandoning module MeshPaint (95)
[2015.12.10-11.11.48:363][ 60]LogModuleManager: Shutting down and abandoning module SlateReflector (94)
[2015.12.10-11.11.48:389][ 60]LogModuleManager: Shutting down and abandoning module HotReload (93)
[2015.12.10-11.11.48:395][ 60]LogModuleManager: Shutting down and abandoning module MainFrame (92)
[2015.12.10-11.11.48:395][ 60]LogModuleManager: Shutting down and abandoning module LevelEditor (91)
[2015.12.10-11.11.48:407][ 60]LogModuleManager: Shutting down and abandoning module DirectoryWatcher (90)
[2015.12.10-11.11.48:410][ 60]LogModuleManager: Shutting down and abandoning module AssetRegistry (89)
[2015.12.10-11.11.48:526][ 60]LogModuleManager: Shutting down and abandoning module ContentBrowser (88)
[2015.12.10-11.11.48:526][ 60]LogModuleManager: Shutting down and abandoning module Paper2DEditor (87)
[2015.12.10-11.11.48:544][ 60]LogModuleManager: Shutting down and abandoning module UdpMessaging (86)
[2015.12.10-11.11.48:645][ 60]LogModuleManager: Shutting down and abandoning module LightPropagationVolumeRuntime (85)
[2015.12.10-11.11.48:645][ 60]LogModuleManager: Shutting down and abandoning module Paper2D (84)
[2015.12.10-11.11.48:653][ 60]LogModuleManager: Shutting down and abandoning module WindowsMoviePlayer (83)
[2015.12.10-11.11.48:669][ 60]LogModuleManager: Shutting down and abandoning module Media (82)
[2015.12.10-11.11.48:669][ 60]LogModuleManager: Shutting down and abandoning module WmfMedia (81)
[2015.12.10-11.11.48:678][ 60]LogModuleManager: Shutting down and abandoning module OnlineBlueprintSupport (80)
[2015.12.10-11.11.48:678][ 60]LogModuleManager: Shutting down and abandoning module GameplayTasksEditor (79)
[2015.12.10-11.11.48:678][ 60]LogModuleManager: Shutting down and abandoning module PropertyEditor (78)
[2015.12.10-11.11.48:678][ 60]LogModuleManager: Shutting down and abandoning module BehaviorTreeEditor (77)
[2015.12.10-11.11.48:678][ 60]LogModuleManager: Shutting down and abandoning module FunctionalTesting (76)
[2015.12.10-11.11.48:678][ 60]LogModuleManager: Shutting down and abandoning module CollisionAnalyzer (75)
[2015.12.10-11.11.48:702][ 60]LogModuleManager: Shutting down and abandoning module WorkspaceMenuStructure (74)
[2015.12.10-11.11.48:702][ 60]LogModuleManager: Shutting down and abandoning module MessageLog (73)
[2015.12.10-11.11.48:702][ 60]LogModuleManager: Shutting down and abandoning module Sequencer (72)
[2015.12.10-11.11.48:758][ 60]LogModuleManager: Shutting down and abandoning module AssetTools (71)
[2015.12.10-11.11.48:803][ 60]LogModuleManager: Shutting down and abandoning module UMGEditor (70)
[2015.12.10-11.11.48:843][ 60]LogModuleManager: Shutting down and abandoning module UMG (69)
[2015.12.10-11.11.48:871][ 60]LogModuleManager: Shutting down and abandoning module Slate (68)
[2015.12.10-11.11.48:871][ 60]LogModuleManager: Shutting down and abandoning module EditorStyle (67)
[2015.12.10-11.11.48:873][ 60]LogModuleManager: Shutting down and abandoning module SessionServices (66)
[2015.12.10-11.11.48:873][ 60]LogModuleManager: Shutting down and abandoning module SourceCodeAccess (65)
[2015.12.10-11.11.48:873][ 60]LogModuleManager: Shutting down and abandoning module HeadMountedDisplay (64)
[2015.12.10-11.11.48:873][ 60]LogModuleManager: Shutting down and abandoning module XAudio2 (63)
[2015.12.10-11.11.48:873][ 60]LogModuleManager: Shutting down and abandoning module Networking (61)
[2015.12.10-11.11.48:873][ 60]LogModuleManager: Shutting down and abandoning module Core (60)
[2015.12.10-11.11.48:873][ 60]LogModuleManager: Shutting down and abandoning module KismetCompiler (59)
[2015.12.10-11.11.48:873][ 60]LogModuleManager: Shutting down and abandoning module PhysXFormats (58)
[2015.12.10-11.11.48:873][ 60]LogModuleManager: Shutting down and abandoning module MeshUtilities (57)
[2015.12.10-11.11.48:915][ 60]LogModuleManager: Shutting down and abandoning module DerivedDataCache (56)
[2015.12.10-11.11.48:969][ 60]LogDerivedDataCache: Shutdown
[2015.12.10-11.11.48:969][ 60]LogModuleManager: Shutting down and abandoning module ShaderFormatOpenGL (55)
[2015.12.10-11.11.49:004][ 60]LogModuleManager: Shutting down and abandoning module ShaderFormatD3D (54)
[2015.12.10-11.11.49:004][ 60]LogModuleManager: Shutting down and abandoning module MetalShaderFormat (53)
[2015.12.10-11.11.49:010][ 60]LogModuleManager: Shutting down and abandoning module TextureFormatUncompressed (52)
[2015.12.10-11.11.49:010][ 60]LogModuleManager: Shutting down and abandoning module TextureFormatPVR (51)
[2015.12.10-11.11.49:010][ 60]LogModuleManager: Shutting down and abandoning module TextureFormatIntelISPCTexComp (50)
[2015.12.10-11.11.49:010][ 60]LogModuleManager: Shutting down and abandoning module TextureFormatDXT (49)
[2015.12.10-11.11.49:010][ 60]LogModuleManager: Shutting down and abandoning module ImageWrapper (48)
[2015.12.10-11.11.49:010][ 60]LogModuleManager: Shutting down and abandoning module TextureFormatASTC (47)
[2015.12.10-11.11.49:010][ 60]LogModuleManager: Shutting down and abandoning module TextureFormatAndroid (46)
[2015.12.10-11.11.49:010][ 60]LogModuleManager: Shutting down and abandoning module AudioFormatOpus (45)
[2015.12.10-11.11.49:019][ 60]LogModuleManager: Shutting down and abandoning module AudioFormatOgg (44)
[2015.12.10-11.11.49:019][ 60]LogModuleManager: Shutting down and abandoning module AudioFormatADPCM (43)
[2015.12.10-11.11.49:019][ 60]LogModuleManager: Shutting down and abandoning module LinuxTargetPlatform (42)
[2015.12.10-11.11.49:019][ 60]LogModuleManager: Shutting down and abandoning module LinuxServerTargetPlatform (41)
[2015.12.10-11.11.49:019][ 60]LogModuleManager: Shutting down and abandoning module LinuxNoEditorTargetPlatform (40)
[2015.12.10-11.11.49:019][ 60]LogModuleManager: Shutting down and abandoning module Messaging (39)
[2015.12.10-11.11.49:019][ 60]LogModuleManager: Shutting down and abandoning module IOSTargetPlatform (38)
[2015.12.10-11.11.49:019][ 60]LogModuleManager: Shutting down and abandoning module HTML5TargetPlatform (37)
[2015.12.10-11.11.49:019][ 60]LogModuleManager: Shutting down and abandoning module Android_PVRTCTargetPlatform (36)
[2015.12.10-11.11.49:019][ 60]LogModuleManager: Shutting down and abandoning module Android_MultiTargetPlatform (35)
[2015.12.10-11.11.49:019][ 60]LogModuleManager: Shutting down and abandoning module Android_ETC2TargetPlatform (34)
[2015.12.10-11.11.49:019][ 60]LogModuleManager: Shutting down and abandoning module Android_ETC1TargetPlatform (33)
[2015.12.10-11.11.49:019][ 60]LogModuleManager: Shutting down and abandoning module Android_DXTTargetPlatform (32)
[2015.12.10-11.11.49:019][ 60]LogModuleManager: Shutting down and abandoning module Android_ATCTargetPlatform (31)
[2015.12.10-11.11.49:019][ 60]LogModuleManager: Shutting down and abandoning module Android_ASTCTargetPlatform (30)
[2015.12.10-11.11.49:019][ 60]LogModuleManager: Shutting down and abandoning module AndroidTargetPlatform (29)
[2015.12.10-11.11.49:019][ 60]LogModuleManager: Shutting down and abandoning module WindowsTargetPlatform (28)
[2015.12.10-11.11.49:019][ 60]LogModuleManager: Shutting down and abandoning module WindowsServerTargetPlatform (27)
[2015.12.10-11.11.49:019][ 60]LogModuleManager: Shutting down and abandoning module WindowsNoEditorTargetPlatform (26)
[2015.12.10-11.11.49:019][ 60]LogModuleManager: Shutting down and abandoning module WindowsClientTargetPlatform (25)
[2015.12.10-11.11.49:019][ 60]LogModuleManager: Shutting down and abandoning module AllDesktopTargetPlatform (24)
[2015.12.10-11.11.49:019][ 60]LogModuleManager: Shutting down and abandoning module TargetPlatform (23)
[2015.12.10-11.11.49:019][ 60]LogModuleManager: Shutting down and abandoning module InputCore (22)
[2015.12.10-11.11.49:019][ 60]LogModuleManager: Shutting down and abandoning module Settings (21)
[2015.12.10-11.11.49:019][ 60]LogModuleManager: Shutting down and abandoning module OnlineSubsystem (19)
[2015.12.10-11.11.49:019][ 60]LogModuleManager: Shutting down and abandoning module HTTP (18)
[2015.12.10-11.11.51:021][ 60]LogModuleManager: Shutting down and abandoning module XMPP (17)
[2015.12.10-11.11.51:072][ 60]LogModuleManager: Shutting down and abandoning module OculusRift (16)
[2015.12.10-11.11.51:077][ 60]LogModuleManager: Shutting down and abandoning module ExampleDeviceProfileSelector (15)
[2015.12.10-11.11.51:077][ 60]LogModuleManager: Shutting down and abandoning module TextureCompressor (14)
[2015.12.10-11.11.51:077][ 60]LogModuleManager: Shutting down and abandoning module ShaderCore (13)
[2015.12.10-11.11.51:077][ 60]LogModuleManager: Shutting down and abandoning module Landscape (12)
[2015.12.10-11.11.51:077][ 60]LogModuleManager: Shutting down and abandoning module SlateRHIRenderer (11)
[2015.12.10-11.11.51:102][ 60]LogModuleManager: Shutting down and abandoning module OpenGLDrv (10)
[2015.12.10-11.11.51:116][ 60]LogModuleManager: Shutting down and abandoning module D3D11RHI (9)
[2015.12.10-11.11.51:116][ 60]LogModuleManager: Shutting down and abandoning module AnimGraphRuntime (8)
[2015.12.10-11.11.51:117][ 60]LogModuleManager: Shutting down and abandoning module Renderer (7)
[2015.12.10-11.11.51:117][ 60]LogModuleManager: Shutting down and abandoning module Engine (6)
[2015.12.10-11.11.51:117][ 60]LogModuleManager: Shutting down and abandoning module CoreUObject (5)
[2015.12.10-11.11.51:117][ 60]LogModuleManager: Shutting down and abandoning module NetworkFile (4)
[2015.12.10-11.11.51:156][ 60]LogModuleManager: Shutting down and abandoning module StreamingFile (3)
[2015.12.10-11.11.51:156][ 60]LogModuleManager: Shutting down and abandoning module SandboxFile (2)
[2015.12.10-11.11.51:168][ 60]LogModuleManager: Shutting down and abandoning module PakFile (1)
[2015.12.10-11.11.51:189][ 60]LogExit: Exiting.
[2015.12.10-11.11.51:198][ 60]Log file closed, 12/10/15 20:11:51
