[2015.12.22-13.56.30:638][  0]Log file open, 12/22/15 22:56:30
[2015.12.22-13.56.30:638][  0]LogInit:Display: Running engine for game: MyProject2
[2015.12.22-13.56.30:638][  0]LogPlatformFile: Not using cached read wrapper
[2015.12.22-13.56.30:638][  0]LogInit:Display: RandInit(-926335404) SRandInit(-926335403).
[2015.12.22-13.56.30:638][  0]LogTaskGraph: Started task graph with 4 named threads and 7 total threads.
[2015.12.22-13.56.30:638][  0]LogStats: Stats thread started at 0.071669
[2015.12.22-13.56.30:638][  0]LogInit: Version: 4.10.0-2758231+++depot+UE4-Releases+4.10
[2015.12.22-13.56.30:638][  0]LogInit: API Version: 2758231
[2015.12.22-13.56.30:638][  0]LogInit: Compiled (64-bit): Nov  7 2015 05:13:45
[2015.12.22-13.56.30:638][  0]LogInit: Compiled with Visual C++: 19.00.23026.00
[2015.12.22-13.56.30:638][  0]LogInit: Build Configuration: Development
[2015.12.22-13.56.30:638][  0]LogInit: Branch Name: ++depot+UE4-Releases+4.10
[2015.12.22-13.56.30:638][  0]LogInit: Command line:  
[2015.12.22-13.56.30:638][  0]LogInit: Base directory: E:/Program Files/Epic Games/4.10/Engine/Binaries/Win64/
[2015.12.22-13.56.30:638][  0]LogInit: Rocket: 1
[2015.12.22-13.56.30:643][  0]LogInit: Using libcurl 7.41.0
[2015.12.22-13.56.30:643][  0]LogInit:  - built for x86_64-pc-win32
[2015.12.22-13.56.30:643][  0]LogInit:  - supports SSL with WinSSL
[2015.12.22-13.56.30:643][  0]LogInit:  - other features:
[2015.12.22-13.56.30:643][  0]LogInit:      CURL_VERSION_SSL
[2015.12.22-13.56.30:643][  0]LogInit:      CURL_VERSION_IPV6
[2015.12.22-13.56.30:643][  0]LogInit:      CURL_VERSION_ASYNCHDNS
[2015.12.22-13.56.30:643][  0]LogInit:      CURL_VERSION_LARGEFILE
[2015.12.22-13.56.30:643][  0]LogInit:      CURL_VERSION_IDN
[2015.12.22-13.56.30:643][  0]LogInit:  CurlRequestOptions (configurable via config and command line):
[2015.12.22-13.56.30:643][  0]LogInit:  - bVerifyPeer = true  - Libcurl will verify peer certificate
[2015.12.22-13.56.30:643][  0]LogInit:  - bUseHttpProxy = false  - Libcurl will NOT use HTTP proxy
[2015.12.22-13.56.30:643][  0]LogInit:  - bDontReuseConnections = false  - Libcurl will reuse connections
[2015.12.22-13.56.30:643][  0]LogInit:  - CertBundlePath = nullptr  - Libcurl will use whatever was configured at build time.
[2015.12.22-13.56.30:649][  0]LogInit: Presizing for 0 objects not considered by GC, pre-allocating 0 bytes.
[2015.12.22-13.56.30:655][  0]LogInit: Object subsystem initialized
[2015.12.22-13.56.30:656][  0]LogInit: Selected Device Profile: [Windows]
[2015.12.22-13.56.30:656][  0]LogInit: Applying CVar settings loaded from the selected device profile: [Windows]
[2015.12.22-13.56.30:662][  0]LogInit: Computer: FUEHU
[2015.12.22-13.56.30:662][  0]LogInit: User: rino
[2015.12.22-13.56.30:662][  0]LogInit: CPU Page size=4096, Cores=4
[2015.12.22-13.56.30:662][  0]LogInit: High frequency timer resolution =2.435777 MHz
[2015.12.22-13.56.30:662][  0]LogMemory: Memory total: Physical=7.9GB (8GB approx)
[2015.12.22-13.56.30:662][  0]LogMemory: Platform Memory Stats for Windows
[2015.12.22-13.56.30:662][  0]LogMemory: Process Physical Memory: 55.48 MB used, 55.48 MB peak
[2015.12.22-13.56.30:662][  0]LogMemory: Process Virtual Memory: 58.49 MB used, 58.49 MB peak
[2015.12.22-13.56.30:662][  0]LogMemory: Physical Memory: 2978.00 MB used, 8114.15 MB total
[2015.12.22-13.56.30:662][  0]LogMemory: Virtual Memory: 362.56 MB used, 134217728.00 MB total
[2015.12.22-13.56.30:716][  0]LogTextLocalizationManager: No specific translations for ('ja-JP') exist, so ('ja') translations will be used.
[2015.12.22-13.56.30:796][  0]LogTextLocalizationManager:Warning: Loaded localization resources contain conflicting entries for (Namespace:K2Node, Key:false):
Localization Resource: (E:/Program Files/Epic Games/4.10/Engine/Content/Localization/EditorTutorials/ja/EditorTutorials.locres) Source String Hash: (816077464) Localized String: (偽)
Localization Resource: (E:/Program Files/Epic Games/4.10/Engine/Content/Localization/Engine/ja/Engine.locres) Source String Hash: (816077464) Localized String: (false)
[2015.12.22-13.56.30:796][  0]LogTextLocalizationManager:Warning: Loaded localization resources contain conflicting entries for (Namespace:K2Node, Key:true):
Localization Resource: (E:/Program Files/Epic Games/4.10/Engine/Content/Localization/EditorTutorials/ja/EditorTutorials.locres) Source String Hash: (-942328987) Localized String: (真)
Localization Resource: (E:/Program Files/Epic Games/4.10/Engine/Content/Localization/Engine/ja/Engine.locres) Source String Hash: (-942328987) Localized String: (true)
[2015.12.22-13.56.30:796][  0]LogTextLocalizationManager:Warning: Loaded localization resources contain conflicting entries for (Namespace:UObjectToolTips, Key:AnimNode_BlendSpacePlayer:bLoop):
Localization Resource: (E:/Program Files/Epic Games/4.10/Engine/Content/Localization/EditorTutorials/ja/EditorTutorials.locres) Source String Hash: (2133979316) Localized String: (再生が最後まで終わった後、ロープ再生するようにしますか？)
Localization Resource: (E:/Program Files/Epic Games/4.10/Engine/Content/Localization/ToolTips/ja/ToolTips.locres) Source String Hash: (2133979316) Localized String: (ループが最後まで到達した時に、アニメーションのループを継続するべきか？)
[2015.12.22-13.56.30:796][  0]LogTextLocalizationManager:Warning: Loaded localization resources contain conflicting entries for (Namespace:UObjectToolTips, Key:AnimNode_BlendSpacePlayer:X):
Localization Resource: (E:/Program Files/Epic Games/4.10/Engine/Content/Localization/EditorTutorials/ja/EditorTutorials.locres) Source String Hash: (2060772590) Localized String: (ブレンドスペースで値を取得するX座標)
Localization Resource: (E:/Program Files/Epic Games/4.10/Engine/Content/Localization/ToolTips/ja/ToolTips.locres) Source String Hash: (2060772590) Localized String: (ブレンドスペースでサンプリングするX座標)
[2015.12.22-13.56.30:796][  0]LogTextLocalizationManager:Warning: Loaded localization resources contain conflicting entries for (Namespace:UObjectToolTips, Key:AnimNode_BlendSpacePlayer:Y):
Localization Resource: (E:/Program Files/Epic Games/4.10/Engine/Content/Localization/EditorTutorials/ja/EditorTutorials.locres) Source String Hash: (-1719607538) Localized String: (ブレンドスペースで値を取得するY座標)
Localization Resource: (E:/Program Files/Epic Games/4.10/Engine/Content/Localization/ToolTips/ja/ToolTips.locres) Source String Hash: (-1719607538) Localized String: (ブレンドスペースでサンプリングするY座標)
[2015.12.22-13.56.30:796][  0]LogTextLocalizationManager:Warning: Loaded localization resources contain conflicting entries for (Namespace:UObjectToolTips, Key:AnimNode_BlendSpacePlayer:Z):
Localization Resource: (E:/Program Files/Epic Games/4.10/Engine/Content/Localization/EditorTutorials/ja/EditorTutorials.locres) Source String Hash: (1728943471) Localized String: (ブレンドスペースで値を取得するZ座標)
Localization Resource: (E:/Program Files/Epic Games/4.10/Engine/Content/Localization/ToolTips/ja/ToolTips.locres) Source String Hash: (1728943471) Localized String: (ブレンドスペースでサンプリングするZ座標)
[2015.12.22-13.56.30:796][  0]LogTextLocalizationManager:Warning: Loaded localization resources contain conflicting entries for (Namespace:UObjectToolTips, Key:AnimNode_BlendSpacePlayer:BlendSpace):
Localization Resource: (E:/Program Files/Epic Games/4.10/Engine/Content/Localization/EditorTutorials/ja/EditorTutorials.locres) Source String Hash: (1599043277) Localized String: (再生するブレンドスペースのアセット)
Localization Resource: (E:/Program Files/Epic Games/4.10/Engine/Content/Localization/ToolTips/ja/ToolTips.locres) Source String Hash: (1599043277) Localized String: (再生するブレンド空間アセット)
[2015.12.22-13.56.30:796][  0]LogTextLocalizationManager:Warning: Loaded localization resources contain conflicting entries for (Namespace:UObjectToolTips, Key:AnimNode_StateMachine:MaxTransitionsPerFrame):
Localization Resource: (E:/Program Files/Epic Games/4.10/Engine/Content/Localization/EditorTutorials/ja/EditorTutorials.locres) Source String Hash: (1567650430) Localized String: (このマシーンで1フレームあたりに同時に処理できるトランジションの最大数)
Localization Resource: (E:/Program Files/Epic Games/4.10/Engine/Content/Localization/ToolTips/ja/ToolTips.locres) Source String Hash: (1567650430) Localized String: (単一フレームでマシーンが「同時」に受け取れる遷移の最大数)
[2015.12.22-13.56.30:796][  0]LogTextLocalizationManager:Warning: Loaded localization resources contain conflicting entries for (Namespace:UObjectToolTips, Key:AnimNode_BlendSpacePlayer:PlayRate):
Localization Resource: (E:/Program Files/Epic Games/4.10/Engine/Content/Localization/EditorTutorials/ja/EditorTutorials.locres) Source String Hash: (-1274923958) Localized String: (再生速度の倍率です。負の数値も使う事ができます。その場合逆再生になります。)
Localization Resource: (E:/Program Files/Epic Games/4.10/Engine/Content/Localization/ToolTips/ja/ToolTips.locres) Source String Hash: (-1274923958) Localized String: (再生レート乗数。アニメーションを逆再生する負の値にすることができます。)
[2015.12.22-13.56.31:003][  0]LogD3D11RHI: Found D3D11 adapter 0: NVIDIA GeForce GTX 860M (Feature Level 11_0)
[2015.12.22-13.56.31:003][  0]LogD3D11RHI: Adapter has 1972MB of dedicated video memory, 0MB of dedicated system memory, and 2048MB of shared system memory, 1 output[s]
[2015.12.22-13.56.31:011][  0]LogD3D11RHI: Found D3D11 adapter 1: Intel(R) HD Graphics 4600 (Feature Level 11_0)
[2015.12.22-13.56.31:011][  0]LogD3D11RHI: Adapter has 128MB of dedicated video memory, 0MB of dedicated system memory, and 1792MB of shared system memory, 0 output[s]
[2015.12.22-13.56.31:012][  0]LogD3D11RHI: Found D3D11 adapter 2: Microsoft Basic Render Driver (Feature Level 11_0)
[2015.12.22-13.56.31:012][  0]LogD3D11RHI: Adapter has 0MB of dedicated video memory, 0MB of dedicated system memory, and 256MB of shared system memory, 0 output[s]
[2015.12.22-13.56.31:012][  0]LogD3D11RHI: Chosen D3D11 Adapter Id = 0
[2015.12.22-13.56.31:016][  0]LogD3D11RHI: !Direct3DDevice
[2015.12.22-13.56.31:016][  0]LogRHI: Texture pool is 1361 MB (70% of 1945 MB)
[2015.12.22-13.56.31:026][  0]LogD3D11RHI: Async texture creation enabled
[2015.12.22-13.56.31:044][  0]LogShaderCompilers: Guid format shader working directory is 13 characters bigger than the processId version (../../../../../../UE/MyProject2/Intermediate/Shaders/WorkingDirectory/31096/).
[2015.12.22-13.56.31:044][  0]LogShaderCompilers: Cleaned the shader compiler working directory 'C:/Users/rino/AppData/Local/Temp/UnrealShaderWorkingDir/BE0C622C4569224D4BDE40A9A276E4F1/'.
[2015.12.22-13.56.31:044][  0]LogShaderCompilers:Display: Using Local Shader Compiler.
[2015.12.22-13.56.36:011][  0]LogTemp:Display: Loaded TP AllDesktopTargetPlatform
[2015.12.22-13.56.36:015][  0]LogTemp:Display: Loaded TP WindowsClientTargetPlatform
[2015.12.22-13.56.36:019][  0]LogTemp:Display: Loaded TP WindowsNoEditorTargetPlatform
[2015.12.22-13.56.36:025][  0]LogTemp:Display: Loaded TP WindowsServerTargetPlatform
[2015.12.22-13.56.36:029][  0]LogTemp:Display: Loaded TP WindowsTargetPlatform
[2015.12.22-13.56.36:032][  0]LogTemp:Display: Loaded TP AndroidTargetPlatform
[2015.12.22-13.56.36:035][  0]LogTemp:Display: Loaded TP Android_ASTCTargetPlatform
[2015.12.22-13.56.36:039][  0]LogTemp:Display: Loaded TP Android_ATCTargetPlatform
[2015.12.22-13.56.36:042][  0]LogTemp:Display: Loaded TP Android_DXTTargetPlatform
[2015.12.22-13.56.36:044][  0]LogTemp:Display: Loaded TP Android_ETC1TargetPlatform
[2015.12.22-13.56.36:047][  0]LogTemp:Display: Loaded TP Android_ETC2TargetPlatform
[2015.12.22-13.56.36:052][  0]LogTemp:Display: Loaded TP Android_MultiTargetPlatform
[2015.12.22-13.56.36:052][  0]LogTemp:Display: Loaded TP Android_PVRTCTargetPlatform
[2015.12.22-13.56.36:053][  0]LogTemp:Display: Loaded TP HTML5TargetPlatform
[2015.12.22-13.56.36:071][  0]LogTemp:Display: Loaded TP IOSTargetPlatform
[2015.12.22-13.56.36:074][  0]LogTemp:Display: Loaded TP LinuxNoEditorTargetPlatform
[2015.12.22-13.56.36:077][  0]LogTemp:Display: Loaded TP LinuxServerTargetPlatform
[2015.12.22-13.56.36:080][  0]LogTemp:Display: Loaded TP LinuxTargetPlatform
[2015.12.22-13.56.36:080][  0]LogTargetPlatformManager:Display: Building Assets For Windows
[2015.12.22-13.56.36:141][  0]LogDerivedDataCache:Display: Max Cache Size: 512 MB
[2015.12.22-13.56.36:326][  0]LogDerivedDataCache: Loaded boot cache 0.18s 41MB C:/Users/rino/AppData/Local/UnrealEngine/4.10/DerivedDataCache/Boot.ddc.
[2015.12.22-13.56.36:326][  0]LogDerivedDataCache:Display: Loaded Boot cache: C:/Users/rino/AppData/Local/UnrealEngine/4.10/DerivedDataCache/Boot.ddc
[2015.12.22-13.56.36:326][  0]LogDerivedDataCache: FDerivedDataBackendGraph:  Pak pak cache file ../../../../../../UE/MyProject2/DerivedDataCache/DDC.ddp not found, will not use a pak cache.
[2015.12.22-13.56.36:326][  0]LogDerivedDataCache: Unable to find inner node Pak for hierarchical cache Hierarchy.
[2015.12.22-13.56.36:326][  0]LogDerivedDataCache: FDerivedDataBackendGraph:  CompressedPak pak cache file ../../../../../../UE/MyProject2/DerivedDataCache/Compressed.ddp not found, will not use a pak cache.
[2015.12.22-13.56.36:326][  0]LogDerivedDataCache: Unable to find inner node CompressedPak for hierarchical cache Hierarchy.
[2015.12.22-13.56.36:386][  0]LogDerivedDataCache:Display: Pak cache opened for reading ../../../Engine/DerivedDataCache/Compressed.ddp.
[2015.12.22-13.56.36:400][  0]LogDerivedDataCache: Using Local data cache path C:/Users/rino/AppData/Local/UnrealEngine/Common/DerivedDataCache: Writable
[2015.12.22-14.01.56:507][  0]LogInit: Selected Device Profile: [Windows]
[2015.12.22-14.02.09:350][  0]LogContentStreaming: Texture pool size is 0.000000MB
[2015.12.22-14.03.43:323][  0]LogMeshUtilities: No automatic mesh reduction module available
[2015.12.22-14.03.43:323][  0]LogMeshUtilities: No automatic mesh merging module available
[2015.12.22-14.03.56:728][  0]LogInit: WinSock: version 1.1 (2.2), MaxSocks=32767, MaxUdp=65467
[2015.12.22-14.05.09:442][  0]UdpMessaging: Initializing bridge on interface 0.0.0.0:0 to multicast group 230.0.0.1:6666.
[2015.12.22-14.05.10:829][  0]LogAssetRegistry: FAssetRegistry took 0.0121 seconds to start up
[2015.12.22-14.05.16:430][  0]SourceControl: 情報 ソースコントロールは無効です
[2015.12.22-14.05.16:449][  0]SourceControl: 情報 ソースコントロールは無効です
[2015.12.22-14.05.16:532][  0]SourceControl: 情報 ソースコントロールは無効です
[2015.12.22-14.05.16:589][  0]SourceControl: 情報 ソースコントロールは無効です
[2015.12.22-14.05.18:385][  0]LogObj: 28633 objects as part of root set at end of initial load.
[2015.12.22-14.05.18:385][  0]LogUObjectAllocator: 6099752 out of 0 bytes used by permanent object pool.
[2015.12.22-14.05.19:479][  0]LogEngine: Initializing Engine...
[2015.12.22-14.05.19:593][  0]LogHMD: Can't find Oculus library dev build: is proper Runtime installed? Version: 0.8.0.0
[2015.12.22-14.05.19:647][  0]LogHMD: SteamVR failed to initialize.  Err: 110
[2015.12.22-14.05.21:422][  0]LogAIModule: Creating AISystem for world NewWorld
[2015.12.22-14.05.22:070][  0]LogInit: XAudio2 using 'スピーカー (Realtek High Definition Audio)' : 2 channels at 48 kHz using 32 bits per sample (channel mask 0x3)
[2015.12.22-14.05.22:317][  0]LogInit: FAudioDevice initialized.
[2015.12.22-14.05.22:387][  0]LogDerivedDataCache: Saved boot cache 0.07s 41MB C:/Users/rino/AppData/Local/UnrealEngine/4.10/DerivedDataCache/Boot.ddc.
[2015.12.22-14.05.22:395][  0]LogInit: Texture streaming: Enabled
[2015.12.22-14.05.22:509][  0]LogAnalytics: Creating configured Analytics provider AnalyticsET
[2015.12.22-14.05.22:510][  0]LogAnalytics: [UEEditor.Rocket.Release] APIServer = http://et2.epicgames.com/ET2/. AppVersion = 4.10.0-2758231+++depot+UE4-Releases+4.10
[2015.12.22-14.05.22:510][  0]LogAnalytics: [UEEditor.Rocket.Release] SetUserId 89b6ad0b460ad03daf6a0eb5c1f5f9a9|9de67c3eaaec4e3e9ce5eb707c0fff0b|6b7a0407-2e35-48f4-81a0-7979b4099f37
[2015.12.22-14.05.22:539][  0]LogAnalytics: [UEEditor.Rocket.Release] AnalyticsET::StartSession
[2015.12.22-14.05.22:658][  0]LogWindowsTextInputMethodSystem:Display: IME system now activated using TSF (Microsoft IME).
[2015.12.22-14.05.23:482][  0]LogInit: Transaction tracking system initialized
[2015.12.22-14.05.24:620][  0]BlueprintLog: New page: エディタの読み込み
[2015.12.22-14.05.32:657][  0]LocalizationService: 情報 ローカライズのサービスが無効になりました
[2015.12.22-14.05.34:112][  0]LogConsoleResponse:Display: 
[2015.12.22-14.05.37:966][  0]LogFileCache: Scanning file cache for directory 'E:/UE/MyProject2/Content/' took 0.01s
[2015.12.22-14.05.37:966][  0]LogCook:Display: Done creating registry. It took  0.00s.
[2015.12.22-14.05.38:985][  0]SourceControl: 情報 ソースコントロールは無効です
[2015.12.22-14.05.39:058][  0]Cmd: MAP LOAD FILE="../../../../../../UE/MyProject2/Content/ThirdPersonBP/Maps/ThirdPersonExampleMap.umap" TEMPLATE=0 SHOWPROGRESS=1 FEATURELEVEL=3
[2015.12.22-14.05.39:095][  0]LightingResults: New page: ライティングのビルド
[2015.12.22-14.05.39:379][  0]MapCheck: New page: マップをチェック
[2015.12.22-14.05.39:379][  0]LightingResults: New page: <何も選択されていません>
[2015.12.22-14.05.40:079][  0]LogParticles: Destroying 0 GPU particle simulations for FXSystem 0x000000CE7B107240
[2015.12.22-14.05.43:896][  0]LogAIModule: Creating AISystem for world ThirdPersonExampleMap
[2015.12.22-14.05.45:090][  0]LogEditorServer: Finished looking for orphan Actors (0.000 secs)
[2015.12.22-14.05.45:166][  0]Cmd: MAP CHECKDEP NOCLEARLOG
[2015.12.22-14.05.45:254][  0]MapCheck: 情報 マップチェックが完了: 0 エラー、 0 警告、完了に 88.008ミリ秒かかりました。
[2015.12.22-14.05.45:254][  0]LogFileHelpers: Loading map 'ThirdPersonExampleMap' took 6.208
[2015.12.22-14.05.47:221][  0]LogCollectionManager: Loaded 0 collections in 0.001122 seconds
[2015.12.22-14.05.47:513][  0]LogFileCache: Scanning file cache for directory 'E:/UE/MyProject2/Saved/Collections/' took 0.01s
[2015.12.22-14.05.47:513][  0]LogFileCache: Scanning file cache for directory 'E:/UE/MyProject2/Content/Developers/rino/Collections/' took 0.01s
[2015.12.22-14.05.47:513][  0]LogFileCache: Scanning file cache for directory 'E:/UE/MyProject2/Content/Collections/' took 0.01s
[2015.12.22-14.05.47:513][  0]LogCollectionManager: Rebuilt the GUID cache for 0 collections in 0.000002 seconds
[2015.12.22-14.05.47:540][  0]LogContentBrowser: Native class hierarchy populated in 0.0262 seconds. Added 1893 classes and 338 folders.
[2015.12.22-14.05.47:678][  0]LogContentBrowser: Native class hierarchy updated for 'WidgetCarousel' in 0.0003 seconds. Added 0 classes and 0 folders.
[2015.12.22-14.05.49:607][  0]LogContentBrowser: Native class hierarchy updated for 'AddContentDialog' in 0.0004 seconds. Added 0 classes and 0 folders.
[2015.12.22-14.05.49:724][  0]LogContentBrowser: Native class hierarchy updated for 'SceneOutliner' in 0.0004 seconds. Added 1 classes and 2 folders.
[2015.12.22-14.05.50:482][  0]LogCrashTracker: Crashtracker disabled due to settings.
[2015.12.22-14.05.50:893][  0]LogUObjectGlobals:Warning: オブジェクト 'Class なし.' が見つかりませんでした
[2015.12.22-14.05.51:035][  0]LogLoad: Full Startup: 563.65 seconds (BP compile: 2.25 seconds)
[2015.12.22-14.05.51:116][  0]LogOcInput: Can't find Oculus library dev build: is proper Runtime installed? Version: 0.8.0.0
[2015.12.22-14.05.51:686][  0]LogContentStreaming: Texture pool size now 1000 MB
[2015.12.22-14.05.52:920][  0]LogRenderer: Reallocating scene render targets to support 824x272 (Frame:2).
[2015.12.22-14.05.54:096][  7]LogAssetRegistry: Asset discovery search completed in 43.2776 seconds
[2015.12.22-14.05.54:117][  7]LogCollectionManager: Rebuilt the object cache for 0 collections in 0.000000 seconds (found 0 objects)
[2015.12.22-14.05.54:117][  7]LogCollectionManager: Fixed up redirectors for 0 collections in 0.000101 seconds (updated 0 objects)
[2015.12.22-14.08.51:039][318]LogBlueprintUserMessages: Early PlayInEditor Detection: Level '/Game/ThirdPersonBP/Maps/ThirdPersonExampleMap.ThirdPersonExampleMap:PersistentLevel' has LevelScriptBlueprint '/Game/ThirdPersonBP/Maps/ThirdPersonExampleMap.ThirdPersonExampleMap:PersistentLevel.ThirdPersonExampleMap' with GeneratedClass '/Game/ThirdPersonBP/Maps/ThirdPersonExampleMap.ThirdPersonExampleMap_C' with ClassGeneratedBy '/Game/ThirdPersonBP/Maps/ThirdPersonExampleMap.ThirdPersonExampleMap:PersistentLevel.ThirdPersonExampleMap'
[2015.12.22-14.08.51:039][318]LogPlayLevel: PlayLevel: No blueprints needed recompiling
[2015.12.22-14.08.51:055][318]PIE: New page: PIEセッション: ThirdPersonExampleMap (2015/12/23 8:08:51)
[2015.12.22-14.08.51:066][318]LogPlayLevel: Creating play world package: /Game/ThirdPersonBP/Maps/UEDPIE_0_ThirdPersonExampleMap
[2015.12.22-14.08.51:143][318]LogPlayLevel: PIE: StaticDuplicateObject took: (0.076911s)
[2015.12.22-14.08.51:143][318]LogAIModule: Creating AISystem for world ThirdPersonExampleMap
[2015.12.22-14.08.51:144][318]LogPlayLevel: PIE: World Init took: (0.000884s)
[2015.12.22-14.08.51:144][318]LogPlayLevel: PIE: Created PIE world by copying editor world from /Game/ThirdPersonBP/Maps/ThirdPersonExampleMap.ThirdPersonExampleMap to /Game/ThirdPersonBP/Maps/UEDPIE_0_ThirdPersonExampleMap.ThirdPersonExampleMap (0.078108s)
[2015.12.22-14.08.51:144][318]LogActorComponent: UnregisterComponent: (/Engine/Transient.CharMoveComp) Not registered. Aborting.
[2015.12.22-14.08.51:144][318]LogActorComponent: UnregisterComponent: (/Engine/Transient.CharacterMovementComponent_0) Not registered. Aborting.
[2015.12.22-14.08.51:260][318]LogInit: XAudio2 using 'スピーカー (Realtek High Definition Audio)' : 2 channels at 48 kHz using 32 bits per sample (channel mask 0x3)
[2015.12.22-14.08.51:268][318]LogInit: FAudioDevice initialized.
[2015.12.22-14.08.51:419][318]LogWorld: Game class is 'demo_C'
[2015.12.22-14.08.51:469][318]LogWorld: Bringing World /Game/ThirdPersonBP/Maps/UEDPIE_0_ThirdPersonExampleMap.ThirdPersonExampleMap up for play (max tick rate 60) at 2015.12.22-23.08.51
[2015.12.22-14.08.51:469][318]LogActor:Warning: GameSession /Game/ThirdPersonBP/Maps/UEDPIE_0_ThirdPersonExampleMap.ThirdPersonExampleMap:PersistentLevel.GameSession_0 has natively added scene component(s), but none of them were set as the actor's RootComponent - picking one arbitrarily
[2015.12.22-14.08.51:469][318]LogActor:Warning: GameNetworkManager /Game/ThirdPersonBP/Maps/UEDPIE_0_ThirdPersonExampleMap.ThirdPersonExampleMap:PersistentLevel.GameNetworkManager_0 has natively added scene component(s), but none of them were set as the actor's RootComponent - picking one arbitrarily
[2015.12.22-14.08.51:633][318]LogWorld: Bringing up level for play took: 0.167906
[2015.12.22-14.08.51:862][318]LogBlueprintUserMessages: [hello_C_0] Hello
[2015.12.22-14.08.51:886][318]PIE: 情報 /Game/ThirdPersonBP/Maps/UEDPIE_0_ThirdPersonExampleMap 0.797のプレイ イン エディタの開始時間
[2015.12.22-14.08.51:886][318]LogBlueprintUserMessages: Late PlayInEditor Detection: Level '/Game/ThirdPersonBP/Maps/ThirdPersonExampleMap.ThirdPersonExampleMap:PersistentLevel' has LevelScriptBlueprint '/Game/ThirdPersonBP/Maps/ThirdPersonExampleMap.ThirdPersonExampleMap:PersistentLevel.ThirdPersonExampleMap' with GeneratedClass '/Game/ThirdPersonBP/Maps/ThirdPersonExampleMap.ThirdPersonExampleMap_C' with ClassGeneratedBy '/Game/ThirdPersonBP/Maps/ThirdPersonExampleMap.ThirdPersonExampleMap:PersistentLevel.ThirdPersonExampleMap'
[2015.12.22-14.08.51:994][319]LogRenderer: Reallocating scene render targets to support 1280x720 (Frame:10311).
[2015.12.22-14.09.09:405][331]LogBlueprintUserMessages: Early EndPlayMap Detection: Level '/Game/ThirdPersonBP/Maps/ThirdPersonExampleMap.ThirdPersonExampleMap:PersistentLevel' has LevelScriptBlueprint '/Game/ThirdPersonBP/Maps/ThirdPersonExampleMap.ThirdPersonExampleMap:PersistentLevel.ThirdPersonExampleMap' with GeneratedClass '/Game/ThirdPersonBP/Maps/ThirdPersonExampleMap.ThirdPersonExampleMap_C' with ClassGeneratedBy '/Game/ThirdPersonBP/Maps/ThirdPersonExampleMap.ThirdPersonExampleMap:PersistentLevel.ThirdPersonExampleMap'
[2015.12.22-14.09.09:611][331]LogBlueprintUserMessages: Late EndPlayMap Detection: Level '/Game/ThirdPersonBP/Maps/ThirdPersonExampleMap.ThirdPersonExampleMap:PersistentLevel' has LevelScriptBlueprint '/Game/ThirdPersonBP/Maps/ThirdPersonExampleMap.ThirdPersonExampleMap:PersistentLevel.ThirdPersonExampleMap' with GeneratedClass '/Game/ThirdPersonBP/Maps/ThirdPersonExampleMap.ThirdPersonExampleMap_C' with ClassGeneratedBy '/Game/ThirdPersonBP/Maps/ThirdPersonExampleMap.ThirdPersonExampleMap:PersistentLevel.ThirdPersonExampleMap'
[2015.12.22-14.09.09:643][331]LogParticles: Destroying 0 GPU particle simulations for FXSystem 0x000000CE0A12D760
[2015.12.22-14.09.12:152][467]LogWindowsTextInputMethodSystem:Display: IME system now activated using TSF (Microsoft IME).
[2015.12.22-14.09.12:602][468]Cmd: QUIT_EDITOR
[2015.12.22-14.09.13:890][468]LogExit: Preparing to exit.
[2015.12.22-14.09.15:046][468]LogExit: Editor shut down
[2015.12.22-14.09.15:046][468]LogExit: Transaction tracking system shut down
[2015.12.22-14.09.15:121][468]LogParticles: Destroying 0 GPU particle simulations for FXSystem 0x000000CE7CF187C0
[2015.12.22-14.09.15:121][468]LogParticles: Destroying 0 GPU particle simulations for FXSystem 0x000000CE7F64BCE0
[2015.12.22-14.09.15:121][468]LogParticles: Destroying 0 GPU particle simulations for FXSystem 0x000000CE7F4CBF60
[2015.12.22-14.09.16:030][468]LogExit: Object subsystem successfully closed.
[2015.12.22-14.09.16:204][468]LogD3D11RHI: Shutdown
[2015.12.22-14.09.16:204][468]LogD3D11RHI: CleanupD3DDevice
[2015.12.22-14.09.16:300][468]LogD3D11RHI: ~FD3D11DynamicRHI
[2015.12.22-14.09.16:712][468]LogModuleManager: Shutting down and abandoning module CrashTracker (198)
[2015.12.22-14.09.16:712][468]LogModuleManager: Shutting down and abandoning module SceneOutliner (197)
[2015.12.22-14.09.16:712][468]LogModuleManager: Shutting down and abandoning module SuperSearch (196)
[2015.12.22-14.09.16:712][468]LogModuleManager: Shutting down and abandoning module WidgetCarousel (195)
[2015.12.22-14.09.16:712][468]LogModuleManager: Shutting down and abandoning module AddContentDialog (194)
[2015.12.22-14.09.16:713][468]LogModuleManager: Shutting down and abandoning module EditorWidgets (193)
[2015.12.22-14.09.16:713][468]LogModuleManager: Shutting down and abandoning module CollectionManager (192)
[2015.12.22-14.09.16:713][468]LogModuleManager: Shutting down and abandoning module StatsViewer (191)
[2015.12.22-14.09.16:725][468]LogModuleManager: Shutting down and abandoning module FoliageEdit (190)
[2015.12.22-14.09.16:725][468]LogModuleManager: Shutting down and abandoning module LandscapeEditor (189)
[2015.12.22-14.09.16:764][468]LogModuleManager: Shutting down and abandoning module ActorPickerMode (188)
[2015.12.22-14.09.16:764][468]LogModuleManager: Shutting down and abandoning module GeometryMode (187)
[2015.12.22-14.09.16:764][468]LogModuleManager: Shutting down and abandoning module TextureAlignMode (186)
[2015.12.22-14.09.16:764][468]LogModuleManager: Shutting down and abandoning module BspMode (185)
[2015.12.22-14.09.16:764][468]LogModuleManager: Shutting down and abandoning module PlacementMode (184)
[2015.12.22-14.09.16:764][468]LogModuleManager: Shutting down and abandoning module AutomationWorker (183)
[2015.12.22-14.09.16:764][468]LogModuleManager: Shutting down and abandoning module CharacterAI (182)
[2015.12.22-14.09.16:764][468]LogModuleManager: Shutting down and abandoning module SmartSnapping (181)
[2015.12.22-14.09.16:764][468]LogModuleManager: Shutting down and abandoning module ViewportSnapping (180)
[2015.12.22-14.09.16:764][468]LogModuleManager: Shutting down and abandoning module LogVisualizer (179)
[2015.12.22-14.09.16:766][468]LogModuleManager: Shutting down and abandoning module GameProjectGeneration (178)
[2015.12.22-14.09.16:790][468]LogModuleManager: Shutting down and abandoning module IntroTutorials (177)
[2015.12.22-14.09.16:802][468]LogModuleManager: Shutting down and abandoning module EditorLiveStreaming (176)
[2015.12.22-14.09.16:802][468]LogModuleManager: Shutting down and abandoning module IOSPlatformEditor (175)
[2015.12.22-14.09.16:802][468]LogModuleManager: Shutting down and abandoning module HTML5PlatformEditor (174)
[2015.12.22-14.09.16:802][468]LogModuleManager: Shutting down and abandoning module AndroidDeviceDetection (173)
[2015.12.22-14.09.17:409][468]LogModuleManager: Shutting down and abandoning module AndroidPlatformEditor (172)
[2015.12.22-14.09.17:409][468]LogModuleManager: Shutting down and abandoning module IOSRuntimeSettings (171)
[2015.12.22-14.09.17:409][468]LogModuleManager: Shutting down and abandoning module AndroidRuntimeSettings (170)
[2015.12.22-14.09.17:409][468]LogModuleManager: Shutting down and abandoning module MergeActors (169)
[2015.12.22-14.09.17:409][468]LogModuleManager: Shutting down and abandoning module SizeMap (168)
[2015.12.22-14.09.17:409][468]LogModuleManager: Shutting down and abandoning module TreeMap (167)
[2015.12.22-14.09.17:409][468]LogModuleManager: Shutting down and abandoning module ReferenceViewer (166)
[2015.12.22-14.09.17:409][468]LogModuleManager: Shutting down and abandoning module LocalizationService (165)
[2015.12.22-14.09.17:409][468]LogModuleManager: Shutting down and abandoning module LocalizationDashboard (164)
[2015.12.22-14.09.17:449][468]LogModuleManager: Shutting down and abandoning module HardwareTargeting (163)
[2015.12.22-14.09.17:449][468]LogModuleManager: Shutting down and abandoning module DeviceProfileEditor (162)
[2015.12.22-14.09.17:449][468]LogModuleManager: Shutting down and abandoning module UndoHistory (161)
[2015.12.22-14.09.17:449][468]LogModuleManager: Shutting down and abandoning module GameplayTagsEditor (160)
[2015.12.22-14.09.17:449][468]LogModuleManager: Shutting down and abandoning module UserFeedback (159)
[2015.12.22-14.09.17:449][468]LogModuleManager: Shutting down and abandoning module XmlParser (158)
[2015.12.22-14.09.17:449][468]LogModuleManager: Shutting down and abandoning module Blutility (157)
[2015.12.22-14.09.17:449][468]LogModuleManager: Shutting down and abandoning module ProjectTargetPlatformEditor (156)
[2015.12.22-14.09.17:449][468]LogModuleManager: Shutting down and abandoning module ProjectSettingsViewer (155)
[2015.12.22-14.09.17:449][468]LogModuleManager: Shutting down and abandoning module InputBindingEditor (154)
[2015.12.22-14.09.17:449][468]LogModuleManager: Shutting down and abandoning module EditorSettingsViewer (153)
[2015.12.22-14.09.17:449][468]LogModuleManager: Shutting down and abandoning module SettingsEditor (152)
[2015.12.22-14.09.17:449][468]LogModuleManager: Shutting down and abandoning module ProjectLauncher (151)
[2015.12.22-14.09.17:459][468]LogModuleManager: Shutting down and abandoning module SessionFrontend (150)
[2015.12.22-14.09.17:459][468]LogModuleManager: Shutting down and abandoning module ProfilerClient (149)
[2015.12.22-14.09.17:500][468]LogModuleManager: Shutting down and abandoning module TargetDeviceServices (148)
[2015.12.22-14.09.17:500][468]LogModuleManager: Shutting down and abandoning module DeviceManager (147)
[2015.12.22-14.09.17:500][468]LogModuleManager: Shutting down and abandoning module AutomationController (146)
[2015.12.22-14.09.17:500][468]LogModuleManager: Shutting down and abandoning module AutomationWindow (145)
[2015.12.22-14.09.17:526][468]LogModuleManager: Shutting down and abandoning module Layers (144)
[2015.12.22-14.09.17:553][468]LogModuleManager: Shutting down and abandoning module ComponentVisualizers (143)
[2015.12.22-14.09.17:553][468]LogModuleManager: Shutting down and abandoning module DetailCustomizations (142)
[2015.12.22-14.09.17:573][468]LogModuleManager: Shutting down and abandoning module PackagesDialog (141)
[2015.12.22-14.09.17:573][468]LogModuleManager: Shutting down and abandoning module Persona (140)
[2015.12.22-14.09.17:598][468]LogModuleManager: Shutting down and abandoning module Kismet (139)
[2015.12.22-14.09.17:598][468]LogModuleManager: Shutting down and abandoning module GraphEditor (138)
[2015.12.22-14.09.17:659][468]LogModuleManager: Shutting down and abandoning module ClassViewer (137)
[2015.12.22-14.09.17:659][468]LogModuleManager: Shutting down and abandoning module Toolbox (136)
[2015.12.22-14.09.17:659][468]LogModuleManager: Shutting down and abandoning module ModuleUI (135)
[2015.12.22-14.09.17:662][468]LogModuleManager: Shutting down and abandoning module MovieSceneTools (134)
[2015.12.22-14.09.17:662][468]LogModuleManager: Shutting down and abandoning module OutputLog (133)
[2015.12.22-14.09.17:662][468]LogModuleManager: Shutting down and abandoning module GammaUI (132)
[2015.12.22-14.09.17:667][468]LogModuleManager: Shutting down and abandoning module Documentation (131)
[2015.12.22-14.09.17:667][468]LogModuleManager: Shutting down and abandoning module GameLiveStreaming (130)
[2015.12.22-14.09.17:667][468]LogModuleManager: Shutting down and abandoning module StreamingPauseRendering (129)
[2015.12.22-14.09.17:667][468]LogModuleManager: Shutting down and abandoning module AnalyticsET (128)
[2015.12.22-14.09.17:667][468]LogModuleManager: Shutting down and abandoning module Analytics (127)
[2015.12.22-14.09.17:667][468]LogModuleManager: Shutting down and abandoning module AITestSuite (126)
[2015.12.22-14.09.17:667][468]LogModuleManager: Shutting down and abandoning module GameplayDebugger (125)
[2015.12.22-14.09.17:667][468]LogModuleManager: Shutting down and abandoning module AIModule (124)
[2015.12.22-14.09.17:667][468]LogModuleManager: Shutting down and abandoning module ProfilerService (123)
[2015.12.22-14.09.17:751][468]LogModuleManager: Shutting down and abandoning module TaskGraph (122)
[2015.12.22-14.09.17:772][468]LogModuleManager: Shutting down and abandoning module SlateRemote (121)
[2015.12.22-14.09.17:772][468]LogModuleManager: Shutting down and abandoning module SteamVRController (120)
[2015.12.22-14.09.17:772][468]LogModuleManager: Shutting down and abandoning module SteamVR (119)
[2015.12.22-14.09.17:772][468]LogModuleManager: Shutting down and abandoning module ProceduralMeshComponent (118)
[2015.12.22-14.09.17:786][468]LogModuleManager: Shutting down and abandoning module OculusLibrary (117)
[2015.12.22-14.09.17:786][468]LogModuleManager: Shutting down and abandoning module OculusInput (116)
[2015.12.22-14.09.17:786][468]LogModuleManager: Shutting down and abandoning module LeapMotionController (115)
[2015.12.22-14.09.17:826][468]LogModuleManager: Shutting down and abandoning module CustomMeshComponent (114)
[2015.12.22-14.09.17:826][468]LogModuleManager: Shutting down and abandoning module CableComponent (113)
[2015.12.22-14.09.17:826][468]LogModuleManager: Shutting down and abandoning module ArchVisCharacter (112)
[2015.12.22-14.09.17:826][468]LogModuleManager: Shutting down and abandoning module MessagingDebugger (111)
[2015.12.22-14.09.17:842][468]LogModuleManager: Shutting down and abandoning module MediaPlayerEditor (110)
[2015.12.22-14.09.17:847][468]LogModuleManager: Shutting down and abandoning module HTML5Networking (109)
[2015.12.22-14.09.17:847][468]LogModuleManager: Shutting down and abandoning module SpeedTreeImporter (108)
[2015.12.22-14.09.17:847][468]LogModuleManager: Shutting down and abandoning module PluginBrowser (107)
[2015.12.22-14.09.17:861][468]LogModuleManager: Shutting down and abandoning module EpicSurvey (106)
[2015.12.22-14.09.17:861][468]LogModuleManager: Shutting down and abandoning module DesktopPlatform (105)
[2015.12.22-14.09.17:871][468]LogModuleManager: Shutting down and abandoning module VisualStudioSourceCodeAccess (104)
[2015.12.22-14.09.17:871][468]LogModuleManager: Shutting down and abandoning module UObjectPlugin (103)
[2015.12.22-14.09.17:871][468]LogModuleManager: Shutting down and abandoning module SubversionSourceControl (102)
[2015.12.22-14.09.17:871][468]LogModuleManager: Shutting down and abandoning module PerforceSourceControl (101)
[2015.12.22-14.09.17:871][468]LogModuleManager: Shutting down and abandoning module SourceControl (100)
[2015.12.22-14.09.17:890][468]LogModuleManager: Shutting down and abandoning module GitSourceControl (99)
[2015.12.22-14.09.17:890][468]LogModuleManager: Shutting down and abandoning module LightPropagationVolumeEditor (98)
[2015.12.22-14.09.17:890][468]LogModuleManager: Shutting down and abandoning module PaperTiledImporter (97)
[2015.12.22-14.09.17:890][468]LogModuleManager: Shutting down and abandoning module PaperSpriteSheetImporter (96)
[2015.12.22-14.09.17:890][468]LogModuleManager: Shutting down and abandoning module MeshPaint (95)
[2015.12.22-14.09.17:890][468]LogModuleManager: Shutting down and abandoning module SlateReflector (94)
[2015.12.22-14.09.17:908][468]LogModuleManager: Shutting down and abandoning module HotReload (93)
[2015.12.22-14.09.17:908][468]LogModuleManager: Shutting down and abandoning module MainFrame (92)
[2015.12.22-14.09.17:908][468]LogModuleManager: Shutting down and abandoning module LevelEditor (91)
[2015.12.22-14.09.17:909][468]LogModuleManager: Shutting down and abandoning module DirectoryWatcher (90)
[2015.12.22-14.09.17:909][468]LogModuleManager: Shutting down and abandoning module AssetRegistry (89)
[2015.12.22-14.09.17:947][468]LogModuleManager: Shutting down and abandoning module ContentBrowser (88)
[2015.12.22-14.09.17:948][468]LogModuleManager: Shutting down and abandoning module Paper2DEditor (87)
[2015.12.22-14.09.17:964][468]LogModuleManager: Shutting down and abandoning module UdpMessaging (86)
[2015.12.22-14.09.18:065][468]LogModuleManager: Shutting down and abandoning module LightPropagationVolumeRuntime (85)
[2015.12.22-14.09.18:065][468]LogModuleManager: Shutting down and abandoning module Paper2D (84)
[2015.12.22-14.09.18:065][468]LogModuleManager: Shutting down and abandoning module WindowsMoviePlayer (83)
[2015.12.22-14.09.18:069][468]LogModuleManager: Shutting down and abandoning module Media (82)
[2015.12.22-14.09.18:069][468]LogModuleManager: Shutting down and abandoning module WmfMedia (81)
[2015.12.22-14.09.18:069][468]LogModuleManager: Shutting down and abandoning module OnlineBlueprintSupport (80)
[2015.12.22-14.09.18:069][468]LogModuleManager: Shutting down and abandoning module GameplayTasksEditor (79)
[2015.12.22-14.09.18:069][468]LogModuleManager: Shutting down and abandoning module PropertyEditor (78)
[2015.12.22-14.09.18:094][468]LogModuleManager: Shutting down and abandoning module BehaviorTreeEditor (77)
[2015.12.22-14.09.18:144][468]LogModuleManager: Shutting down and abandoning module FunctionalTesting (76)
[2015.12.22-14.09.18:144][468]LogModuleManager: Shutting down and abandoning module CollisionAnalyzer (75)
[2015.12.22-14.09.18:167][468]LogModuleManager: Shutting down and abandoning module WorkspaceMenuStructure (74)
[2015.12.22-14.09.18:167][468]LogModuleManager: Shutting down and abandoning module MessageLog (73)
[2015.12.22-14.09.18:167][468]LogModuleManager: Shutting down and abandoning module Sequencer (72)
[2015.12.22-14.09.18:202][468]LogModuleManager: Shutting down and abandoning module AssetTools (71)
[2015.12.22-14.09.18:276][468]LogModuleManager: Shutting down and abandoning module UMGEditor (70)
[2015.12.22-14.09.18:319][468]LogModuleManager: Shutting down and abandoning module UMG (69)
[2015.12.22-14.09.18:348][468]LogModuleManager: Shutting down and abandoning module Slate (68)
[2015.12.22-14.09.18:348][468]LogModuleManager: Shutting down and abandoning module EditorStyle (67)
[2015.12.22-14.09.18:349][468]LogModuleManager: Shutting down and abandoning module SessionServices (66)
[2015.12.22-14.09.18:350][468]LogModuleManager: Shutting down and abandoning module SourceCodeAccess (65)
[2015.12.22-14.09.18:350][468]LogModuleManager: Shutting down and abandoning module HeadMountedDisplay (64)
[2015.12.22-14.09.18:350][468]LogModuleManager: Shutting down and abandoning module XAudio2 (63)
[2015.12.22-14.09.18:350][468]LogModuleManager: Shutting down and abandoning module Networking (61)
[2015.12.22-14.09.18:350][468]LogModuleManager: Shutting down and abandoning module Core (60)
[2015.12.22-14.09.18:350][468]LogModuleManager: Shutting down and abandoning module KismetCompiler (59)
[2015.12.22-14.09.18:350][468]LogModuleManager: Shutting down and abandoning module PhysXFormats (58)
[2015.12.22-14.09.18:369][468]LogModuleManager: Shutting down and abandoning module MeshUtilities (57)
[2015.12.22-14.09.18:402][468]LogModuleManager: Shutting down and abandoning module DerivedDataCache (56)
[2015.12.22-14.09.18:445][468]LogDerivedDataCache: Shutdown
[2015.12.22-14.09.18:445][468]LogModuleManager: Shutting down and abandoning module ShaderFormatOpenGL (55)
[2015.12.22-14.09.18:479][468]LogModuleManager: Shutting down and abandoning module ShaderFormatD3D (54)
[2015.12.22-14.09.18:484][468]LogModuleManager: Shutting down and abandoning module MetalShaderFormat (53)
[2015.12.22-14.09.18:496][468]LogModuleManager: Shutting down and abandoning module TextureFormatUncompressed (52)
[2015.12.22-14.09.18:496][468]LogModuleManager: Shutting down and abandoning module TextureFormatPVR (51)
[2015.12.22-14.09.18:507][468]LogModuleManager: Shutting down and abandoning module TextureFormatIntelISPCTexComp (50)
[2015.12.22-14.09.18:516][468]LogModuleManager: Shutting down and abandoning module TextureFormatDXT (49)
[2015.12.22-14.09.18:527][468]LogModuleManager: Shutting down and abandoning module ImageWrapper (48)
[2015.12.22-14.09.18:527][468]LogModuleManager: Shutting down and abandoning module TextureFormatASTC (47)
[2015.12.22-14.09.18:527][468]LogModuleManager: Shutting down and abandoning module TextureFormatAndroid (46)
[2015.12.22-14.09.18:527][468]LogModuleManager: Shutting down and abandoning module AudioFormatOpus (45)
[2015.12.22-14.09.18:527][468]LogModuleManager: Shutting down and abandoning module AudioFormatOgg (44)
[2015.12.22-14.09.18:541][468]LogModuleManager: Shutting down and abandoning module AudioFormatADPCM (43)
[2015.12.22-14.09.18:545][468]LogModuleManager: Shutting down and abandoning module LinuxTargetPlatform (42)
[2015.12.22-14.09.18:545][468]LogModuleManager: Shutting down and abandoning module LinuxServerTargetPlatform (41)
[2015.12.22-14.09.18:553][468]LogModuleManager: Shutting down and abandoning module LinuxNoEditorTargetPlatform (40)
[2015.12.22-14.09.18:558][468]LogModuleManager: Shutting down and abandoning module Messaging (39)
[2015.12.22-14.09.18:558][468]LogModuleManager: Shutting down and abandoning module IOSTargetPlatform (38)
[2015.12.22-14.09.18:558][468]LogModuleManager: Shutting down and abandoning module HTML5TargetPlatform (37)
[2015.12.22-14.09.18:558][468]LogModuleManager: Shutting down and abandoning module Android_PVRTCTargetPlatform (36)
[2015.12.22-14.09.18:558][468]LogModuleManager: Shutting down and abandoning module Android_MultiTargetPlatform (35)
[2015.12.22-14.09.18:558][468]LogModuleManager: Shutting down and abandoning module Android_ETC2TargetPlatform (34)
[2015.12.22-14.09.18:558][468]LogModuleManager: Shutting down and abandoning module Android_ETC1TargetPlatform (33)
[2015.12.22-14.09.18:558][468]LogModuleManager: Shutting down and abandoning module Android_DXTTargetPlatform (32)
[2015.12.22-14.09.18:558][468]LogModuleManager: Shutting down and abandoning module Android_ATCTargetPlatform (31)
[2015.12.22-14.09.18:558][468]LogModuleManager: Shutting down and abandoning module Android_ASTCTargetPlatform (30)
[2015.12.22-14.09.18:558][468]LogModuleManager: Shutting down and abandoning module AndroidTargetPlatform (29)
[2015.12.22-14.09.18:558][468]LogModuleManager: Shutting down and abandoning module WindowsTargetPlatform (28)
[2015.12.22-14.09.18:558][468]LogModuleManager: Shutting down and abandoning module WindowsServerTargetPlatform (27)
[2015.12.22-14.09.18:574][468]LogModuleManager: Shutting down and abandoning module WindowsNoEditorTargetPlatform (26)
[2015.12.22-14.09.18:588][468]LogModuleManager: Shutting down and abandoning module WindowsClientTargetPlatform (25)
[2015.12.22-14.09.18:605][468]LogModuleManager: Shutting down and abandoning module AllDesktopTargetPlatform (24)
[2015.12.22-14.09.18:605][468]LogModuleManager: Shutting down and abandoning module TargetPlatform (23)
[2015.12.22-14.09.18:605][468]LogModuleManager: Shutting down and abandoning module InputCore (22)
[2015.12.22-14.09.18:605][468]LogModuleManager: Shutting down and abandoning module Settings (21)
[2015.12.22-14.09.18:605][468]LogModuleManager: Shutting down and abandoning module OnlineSubsystem (19)
[2015.12.22-14.09.18:606][468]LogModuleManager: Shutting down and abandoning module HTTP (18)
[2015.12.22-14.09.20:609][468]LogModuleManager: Shutting down and abandoning module XMPP (17)
[2015.12.22-14.09.20:659][468]LogModuleManager: Shutting down and abandoning module OculusRift (16)
[2015.12.22-14.09.20:663][468]LogModuleManager: Shutting down and abandoning module ExampleDeviceProfileSelector (15)
[2015.12.22-14.09.20:663][468]LogModuleManager: Shutting down and abandoning module TextureCompressor (14)
[2015.12.22-14.09.20:668][468]LogModuleManager: Shutting down and abandoning module ShaderCore (13)
[2015.12.22-14.09.20:668][468]LogModuleManager: Shutting down and abandoning module Landscape (12)
[2015.12.22-14.09.20:668][468]LogModuleManager: Shutting down and abandoning module SlateRHIRenderer (11)
[2015.12.22-14.09.20:678][468]LogModuleManager: Shutting down and abandoning module OpenGLDrv (10)
[2015.12.22-14.09.20:691][468]LogModuleManager: Shutting down and abandoning module D3D11RHI (9)
[2015.12.22-14.09.20:691][468]LogModuleManager: Shutting down and abandoning module AnimGraphRuntime (8)
[2015.12.22-14.09.20:702][468]LogModuleManager: Shutting down and abandoning module Renderer (7)
[2015.12.22-14.09.20:702][468]LogModuleManager: Shutting down and abandoning module Engine (6)
[2015.12.22-14.09.20:702][468]LogModuleManager: Shutting down and abandoning module CoreUObject (5)
[2015.12.22-14.09.20:702][468]LogModuleManager: Shutting down and abandoning module NetworkFile (4)
[2015.12.22-14.09.20:720][468]LogModuleManager: Shutting down and abandoning module StreamingFile (3)
[2015.12.22-14.09.20:729][468]LogModuleManager: Shutting down and abandoning module SandboxFile (2)
[2015.12.22-14.09.20:743][468]LogModuleManager: Shutting down and abandoning module PakFile (1)
[2015.12.22-14.09.20:745][468]LogExit: Exiting.
[2015.12.22-14.09.20:746][468]Log file closed, 12/22/15 23:09:20
